[32m[CAR-RENTAL][39m [32m29012[39m 16/03/25 10:05:51 [32m    LOG[39m [33m[NestFactory][39m [32mStarting Nest application...[39m [33m+0ms[39m
[32m[CAR-RENTAL][39m [32m29012[39m 16/03/25 10:05:51 [32m    LOG[39m [33m[InstanceLoader][39m [32mRedisModule dependencies initialized[39m [33m+1ms[39m
[32m[CAR-RENTAL][39m [32m29012[39m 16/03/25 10:05:51 [32m    LOG[39m [33m[InstanceLoader][39m [32mBullBoardModule dependencies initialized[39m [33m+1ms[39m
[32m[CAR-RENTAL][39m [32m29012[39m 16/03/25 10:05:51 [32m    LOG[39m [33m[InstanceLoader][39m [32mPassportModule dependencies initialized[39m [33m+0ms[39m
[32m[CAR-RENTAL][39m [32m29012[39m 16/03/25 10:05:51 [32m    LOG[39m [33m[InstanceLoader][39m [32mMulterModule dependencies initialized[39m [33m+1ms[39m
[32m[CAR-RENTAL][39m [32m29012[39m 16/03/25 10:05:51 [32m    LOG[39m [33m[InstanceLoader][39m [32mJwtModule dependencies initialized[39m [33m+1ms[39m
[32m[CAR-RENTAL][39m [32m29012[39m 16/03/25 10:05:51 [32m    LOG[39m [33m[InstanceLoader][39m [32mHttpModule dependencies initialized[39m [33m+0ms[39m
[32m[CAR-RENTAL][39m [32m29012[39m 16/03/25 10:05:51 [32m    LOG[39m [33m[InstanceLoader][39m [32mHttpModule dependencies initialized[39m [33m+0ms[39m
[32m[CAR-RENTAL][39m [32m29012[39m 16/03/25 10:05:51 [32m    LOG[39m [33m[InstanceLoader][39m [32mConfigHostModule dependencies initialized[39m [33m+1ms[39m
[32m[CAR-RENTAL][39m [32m29012[39m 16/03/25 10:05:51 [32m    LOG[39m [33m[InstanceLoader][39m [32mBullBoardFeatureModule dependencies initialized[39m [33m+1ms[39m
[32m[CAR-RENTAL][39m [32m29012[39m 16/03/25 10:05:51 [32m    LOG[39m [33m[InstanceLoader][39m [32mBullBoardFeatureModule dependencies initialized[39m [33m+0ms[39m
[32m[CAR-RENTAL][39m [32m29012[39m 16/03/25 10:05:51 [32m    LOG[39m [33m[InstanceLoader][39m [32mDiscoveryModule dependencies initialized[39m [33m+0ms[39m
[32m[CAR-RENTAL][39m [32m29012[39m 16/03/25 10:05:51 [32m    LOG[39m [33m[InstanceLoader][39m [32mBullBoardRootModule dependencies initialized[39m [33m+0ms[39m
[32m[CAR-RENTAL][39m [32m29012[39m 16/03/25 10:05:51 [32m    LOG[39m [33m[InstanceLoader][39m [32mConfigModule dependencies initialized[39m [33m+0ms[39m
[32m[CAR-RENTAL][39m [32m29012[39m 16/03/25 10:05:51 [32m    LOG[39m [33m[InstanceLoader][39m [32mConfigModule dependencies initialized[39m [33m+1ms[39m
[32m[CAR-RENTAL][39m [32m29012[39m 16/03/25 10:05:51 [32m    LOG[39m [33m[InstanceLoader][39m [32mBullModule dependencies initialized[39m [33m+0ms[39m
[32m[CAR-RENTAL][39m [32m29012[39m 16/03/25 10:05:51 [32m    LOG[39m [33m[InstanceLoader][39m [32mBullModule dependencies initialized[39m [33m+0ms[39m
[32m[CAR-RENTAL][39m [32m29012[39m 16/03/25 10:05:51 [32m    LOG[39m [33m[InstanceLoader][39m [32mEmailModule dependencies initialized[39m [33m+1ms[39m
[32m[CAR-RENTAL][39m [32m29012[39m 16/03/25 10:05:51 [32m    LOG[39m [33m[InstanceLoader][39m [32mDatabaseModule dependencies initialized[39m [33m+0ms[39m
[32m[CAR-RENTAL][39m [32m29012[39m 16/03/25 10:05:51 [32m    LOG[39m [33m[InstanceLoader][39m [32mRedisCoreModule dependencies initialized[39m [33m+0ms[39m
[32m[CAR-RENTAL][39m [32m29012[39m 16/03/25 10:05:51 [32m    LOG[39m [33m[InstanceLoader][39m [32mJwtModule dependencies initialized[39m [33m+1ms[39m
[32m[CAR-RENTAL][39m [32m29012[39m 16/03/25 10:05:51 [32m    LOG[39m [33m[InstanceLoader][39m [32mAppModule dependencies initialized[39m [33m+0ms[39m
[32m[CAR-RENTAL][39m [32m29012[39m 16/03/25 10:05:51 [32m    LOG[39m [33m[InstanceLoader][39m [32mCacheModule dependencies initialized[39m [33m+0ms[39m
[32m[CAR-RENTAL][39m [32m29012[39m 16/03/25 10:05:51 [32m    LOG[39m [33m[InstanceLoader][39m [32mTokenModule dependencies initialized[39m [33m+0ms[39m
[32m[CAR-RENTAL][39m [32m29012[39m 16/03/25 10:05:51 [32m    LOG[39m [33m[InstanceLoader][39m [32mTransactionModule dependencies initialized[39m [33m+0ms[39m
[32m[CAR-RENTAL][39m [32m29012[39m 16/03/25 10:05:51 [32m    LOG[39m [33m[InstanceLoader][39m [32mUserPreferenceModule dependencies initialized[39m [33m+1ms[39m
[32m[CAR-RENTAL][39m [32m29012[39m 16/03/25 10:05:51 [32m    LOG[39m [33m[InstanceLoader][39m [32mBullModule dependencies initialized[39m [33m+0ms[39m
[32m[CAR-RENTAL][39m [32m29012[39m 16/03/25 10:05:51 [32m    LOG[39m [33m[InstanceLoader][39m [32mBullModule dependencies initialized[39m [33m+0ms[39m
[32m[CAR-RENTAL][39m [32m29012[39m 16/03/25 10:05:51 [32m    LOG[39m [33m[InstanceLoader][39m [32mImageModule dependencies initialized[39m [33m+1ms[39m
[32m[CAR-RENTAL][39m [32m29012[39m 16/03/25 10:05:51 [32m    LOG[39m [33m[InstanceLoader][39m [32mUserActionModule dependencies initialized[39m [33m+0ms[39m
[32m[CAR-RENTAL][39m [32m29012[39m 16/03/25 10:05:51 [32m    LOG[39m [33m[InstanceLoader][39m [32mUserModule dependencies initialized[39m [33m+0ms[39m
[32m[CAR-RENTAL][39m [32m29012[39m 16/03/25 10:05:51 [32m    LOG[39m [33m[InstanceLoader][39m [32mCarModule dependencies initialized[39m [33m+1ms[39m
[32m[CAR-RENTAL][39m [32m29012[39m 16/03/25 10:05:51 [32m    LOG[39m [33m[InstanceLoader][39m [32mCategoryModule dependencies initialized[39m [33m+0ms[39m
[32m[CAR-RENTAL][39m [32m29012[39m 16/03/25 10:05:51 [32m    LOG[39m [33m[InstanceLoader][39m [32mPaymentModule dependencies initialized[39m [33m+0ms[39m
[32m[CAR-RENTAL][39m [32m29012[39m 16/03/25 10:05:51 [32m    LOG[39m [33m[InstanceLoader][39m [32mRecommendationModule dependencies initialized[39m [33m+0ms[39m
[32m[CAR-RENTAL][39m [32m29012[39m 16/03/25 10:05:51 [32m    LOG[39m [33m[InstanceLoader][39m [32mAuthModule dependencies initialized[39m [33m+0ms[39m
[32m[CAR-RENTAL][39m [32m29012[39m 16/03/25 10:05:51 [32m    LOG[39m [33m[InstanceLoader][39m [32mReviewModule dependencies initialized[39m [33m+1ms[39m
[32m[CAR-RENTAL][39m [32m29012[39m 16/03/25 10:05:51 [32m    LOG[39m [33m[InstanceLoader][39m [32mBookingModule dependencies initialized[39m [33m+0ms[39m
[32m[CAR-RENTAL][39m [32m29012[39m 16/03/25 10:05:51 [32m    LOG[39m [33m[RoutesResolver][39m [32mAppController {/}:[39m [33m+1ms[39m
[32m[CAR-RENTAL][39m [32m29012[39m 16/03/25 10:05:51 [32m    LOG[39m [33m[RouterExplorer][39m [32mMapped {/, GET} route[39m [33m+0ms[39m
[32m[CAR-RENTAL][39m [32m29012[39m 16/03/25 10:05:51 [32m    LOG[39m [33m[RoutesResolver][39m [32mAuthController {/auth}:[39m [33m+1ms[39m
[32m[CAR-RENTAL][39m [32m29012[39m 16/03/25 10:05:51 [32m    LOG[39m [33m[RouterExplorer][39m [32mMapped {/auth/signup, POST} route[39m [33m+0ms[39m
[32m[CAR-RENTAL][39m [32m29012[39m 16/03/25 10:05:51 [32m    LOG[39m [33m[RouterExplorer][39m [32mMapped {/auth/login, POST} route[39m [33m+1ms[39m
[32m[CAR-RENTAL][39m [32m29012[39m 16/03/25 10:05:51 [32m    LOG[39m [33m[RouterExplorer][39m [32mMapped {/auth/me, GET} route[39m [33m+1ms[39m
[32m[CAR-RENTAL][39m [32m29012[39m 16/03/25 10:05:51 [32m    LOG[39m [33m[RouterExplorer][39m [32mMapped {/auth/refresh-token, POST} route[39m [33m+0ms[39m
[32m[CAR-RENTAL][39m [32m29012[39m 16/03/25 10:05:51 [32m    LOG[39m [33m[RouterExplorer][39m [32mMapped {/auth/reset-password, POST} route[39m [33m+0ms[39m
[32m[CAR-RENTAL][39m [32m29012[39m 16/03/25 10:05:51 [32m    LOG[39m [33m[RouterExplorer][39m [32mMapped {/auth/verify-account, POST} route[39m [33m+1ms[39m
[32m[CAR-RENTAL][39m [32m29012[39m 16/03/25 10:05:51 [32m    LOG[39m [33m[RouterExplorer][39m [32mMapped {/auth/email/forgot-password, POST} route[39m [33m+0ms[39m
[32m[CAR-RENTAL][39m [32m29012[39m 16/03/25 10:05:51 [32m    LOG[39m [33m[RouterExplorer][39m [32mMapped {/auth/email/verify-account, POST} route[39m [33m+0ms[39m
[32m[CAR-RENTAL][39m [32m29012[39m 16/03/25 10:05:51 [32m    LOG[39m [33m[RoutesResolver][39m [32mUserController {/user}:[39m [33m+1ms[39m
[32m[CAR-RENTAL][39m [32m29012[39m 16/03/25 10:05:51 [32m    LOG[39m [33m[RouterExplorer][39m [32mMapped {/user/:id, GET} route[39m [33m+0ms[39m
[32m[CAR-RENTAL][39m [32m29012[39m 16/03/25 10:05:51 [32m    LOG[39m [33m[RouterExplorer][39m [32mMapped {/user/:id, PATCH} route[39m [33m+1ms[39m
[32m[CAR-RENTAL][39m [32m29012[39m 16/03/25 10:05:51 [32m    LOG[39m [33m[RouterExplorer][39m [32mMapped {/user/:id, DELETE} route[39m [33m+0ms[39m
[32m[CAR-RENTAL][39m [32m29012[39m 16/03/25 10:05:51 [32m    LOG[39m [33m[RoutesResolver][39m [32mImageController {/image}:[39m [33m+1ms[39m
[32m[CAR-RENTAL][39m [32m29012[39m 16/03/25 10:05:51 [32m    LOG[39m [33m[RouterExplorer][39m [32mMapped {/image/upload, POST} route[39m [33m+0ms[39m
[32m[CAR-RENTAL][39m [32m29012[39m 16/03/25 10:05:51 [32m    LOG[39m [33m[RoutesResolver][39m [32mCarController {/car}:[39m [33m+1ms[39m
[32m[CAR-RENTAL][39m [32m29012[39m 16/03/25 10:05:51 [32m    LOG[39m [33m[RouterExplorer][39m [32mMapped {/car, POST} route[39m [33m+0ms[39m
[32m[CAR-RENTAL][39m [32m29012[39m 16/03/25 10:05:51 [32m    LOG[39m [33m[RouterExplorer][39m [32mMapped {/car, GET} route[39m [33m+0ms[39m
[32m[CAR-RENTAL][39m [32m29012[39m 16/03/25 10:05:51 [32m    LOG[39m [33m[RouterExplorer][39m [32mMapped {/car/:id, GET} route[39m [33m+0ms[39m
[32m[CAR-RENTAL][39m [32m29012[39m 16/03/25 10:05:51 [32m    LOG[39m [33m[RouterExplorer][39m [32mMapped {/car/:id, PATCH} route[39m [33m+1ms[39m
[32m[CAR-RENTAL][39m [32m29012[39m 16/03/25 10:05:51 [32m    LOG[39m [33m[RouterExplorer][39m [32mMapped {/car/:id, DELETE} route[39m [33m+0ms[39m
[32m[CAR-RENTAL][39m [32m29012[39m 16/03/25 10:05:51 [32m    LOG[39m [33m[RoutesResolver][39m [32mCategoryController {/category}:[39m [33m+0ms[39m
[32m[CAR-RENTAL][39m [32m29012[39m 16/03/25 10:05:51 [32m    LOG[39m [33m[RouterExplorer][39m [32mMapped {/category, POST} route[39m [33m+1ms[39m
[32m[CAR-RENTAL][39m [32m29012[39m 16/03/25 10:05:51 [32m    LOG[39m [33m[RouterExplorer][39m [32mMapped {/category, GET} route[39m [33m+0ms[39m
[32m[CAR-RENTAL][39m [32m29012[39m 16/03/25 10:05:51 [32m    LOG[39m [33m[RouterExplorer][39m [32mMapped {/category/:id, GET} route[39m [33m+1ms[39m
[32m[CAR-RENTAL][39m [32m29012[39m 16/03/25 10:05:51 [32m    LOG[39m [33m[RouterExplorer][39m [32mMapped {/category/:id, DELETE} route[39m [33m+0ms[39m
[32m[CAR-RENTAL][39m [32m29012[39m 16/03/25 10:05:51 [32m    LOG[39m [33m[RoutesResolver][39m [32mBookingController {/booking}:[39m [33m+1ms[39m
[32m[CAR-RENTAL][39m [32m29012[39m 16/03/25 10:05:51 [32m    LOG[39m [33m[RouterExplorer][39m [32mMapped {/booking, POST} route[39m [33m+1ms[39m
[32m[CAR-RENTAL][39m [32m29012[39m 16/03/25 10:05:51 [32m    LOG[39m [33m[RouterExplorer][39m [32mMapped {/booking, GET} route[39m [33m+1ms[39m
[32m[CAR-RENTAL][39m [32m29012[39m 16/03/25 10:05:51 [32m    LOG[39m [33m[RouterExplorer][39m [32mMapped {/booking/:id, GET} route[39m [33m+1ms[39m
[32m[CAR-RENTAL][39m [32m29012[39m 16/03/25 10:05:51 [32m    LOG[39m [33m[RouterExplorer][39m [32mMapped {/booking/:id, PATCH} route[39m [33m+1ms[39m
[32m[CAR-RENTAL][39m [32m29012[39m 16/03/25 10:05:51 [32m    LOG[39m [33m[RoutesResolver][39m [32mPaymentController {/payment}:[39m [33m+1ms[39m
[32m[CAR-RENTAL][39m [32m29012[39m 16/03/25 10:05:51 [32m    LOG[39m [33m[RouterExplorer][39m [32mMapped {/payment/test/procress, POST} route[39m [33m+0ms[39m
[32m[CAR-RENTAL][39m [32m29012[39m 16/03/25 10:05:51 [32m    LOG[39m [33m[RouterExplorer][39m [32mMapped {/payment/zalopay/callback, POST} route[39m [33m+1ms[39m
[32m[CAR-RENTAL][39m [32m29012[39m 16/03/25 10:05:51 [32m    LOG[39m [33m[RoutesResolver][39m [32mTransactionController {/transaction}:[39m [33m+0ms[39m
[32m[CAR-RENTAL][39m [32m29012[39m 16/03/25 10:05:51 [32m    LOG[39m [33m[RoutesResolver][39m [32mReviewController {/review}:[39m [33m+1ms[39m
[32m[CAR-RENTAL][39m [32m29012[39m 16/03/25 10:05:51 [32m    LOG[39m [33m[RouterExplorer][39m [32mMapped {/review, POST} route[39m [33m+0ms[39m
[32m[CAR-RENTAL][39m [32m29012[39m 16/03/25 10:05:51 [32m    LOG[39m [33m[RouterExplorer][39m [32mMapped {/review, GET} route[39m [33m+0ms[39m
[32m[CAR-RENTAL][39m [32m29012[39m 16/03/25 10:05:51 [32m    LOG[39m [33m[RouterExplorer][39m [32mMapped {/review/:id, GET} route[39m [33m+1ms[39m
[32m[CAR-RENTAL][39m [32m29012[39m 16/03/25 10:05:51 [32m    LOG[39m [33m[RouterExplorer][39m [32mMapped {/review/:id, DELETE} route[39m [33m+0ms[39m
[32m[CAR-RENTAL][39m [32m29012[39m 16/03/25 10:05:51 [32m    LOG[39m [33m[RoutesResolver][39m [32mUserActionController {/user-action}:[39m [33m+0ms[39m
[32m[CAR-RENTAL][39m [32m29012[39m 16/03/25 10:05:51 [32m    LOG[39m [33m[RoutesResolver][39m [32mUserPreferenceController {/user-preference}:[39m [33m+0ms[39m
[32m[CAR-RENTAL][39m [32m29012[39m 16/03/25 10:05:51 [32m    LOG[39m [33m[RoutesResolver][39m [32mRecommendationController {/recommendation}:[39m [33m+0ms[39m
[32m[CAR-RENTAL][39m [32m29012[39m 16/03/25 10:05:51 [32m    LOG[39m [33m[RouterExplorer][39m [32mMapped {/recommendation, GET} route[39m [33m+0ms[39m
[32m[CAR-RENTAL][39m [32m29012[39m 16/03/25 10:05:51 [32m    LOG[39m [33m[DatabaseService][39m [32mConnected to database successfully[39m [33m+0ms[39m
[32m[CAR-RENTAL][39m [32m29012[39m 16/03/25 10:05:51 [32m    LOG[39m [33m[DatabaseService][39m [32mAdmin account is found[39m [33m+1ms[39m
[32m[CAR-RENTAL][39m [32m29012[39m 16/03/25 10:05:51 [32m    LOG[39m [33m[NestApplication][39m [32mNest application successfully started[39m [33m+0ms[39m
[32m[CAR-RENTAL][39m [32m29012[39m 16/03/25 10:05:51 [32m    LOG[39m [33m[bootstrap][39m [32mServer running on http://localhost:3000[39m [33m+1ms[39m
[32m[CAR-RENTAL][39m [32m29012[39m 16/03/25 10:05:51 [32m    LOG[39m [33m[bootstrap][39m [32mAPI Docs http://localhost:3000/api-docs[39m [33m+1ms[39m
