[32m[CAR-RENTAL][39m [32m6496[39m 13/03/25 12:12:23 [32m    LOG[39m [33m[NestFactory][39m [32mStarting Nest application...[39m [33m+0ms[39m
[32m[CAR-RENTAL][39m [32m6496[39m 13/03/25 12:12:23 [32m    LOG[39m [33m[InstanceLoader][39m [32mRedisModule dependencies initialized[39m [33m+3ms[39m
[32m[CAR-RENTAL][39m [32m6496[39m 13/03/25 12:12:23 [32m    LOG[39m [33m[InstanceLoader][39m [32mBullBoardModule dependencies initialized[39m [33m+1ms[39m
[32m[CAR-RENTAL][39m [32m6496[39m 13/03/25 12:12:23 [32m    LOG[39m [33m[InstanceLoader][39m [32mPassportModule dependencies initialized[39m [33m+1ms[39m
[32m[CAR-RENTAL][39m [32m6496[39m 13/03/25 12:12:23 [32m    LOG[39m [33m[InstanceLoader][39m [32mMulterModule dependencies initialized[39m [33m+1ms[39m
[32m[CAR-RENTAL][39m [32m6496[39m 13/03/25 12:12:23 [32m    LOG[39m [33m[InstanceLoader][39m [32mJwtModule dependencies initialized[39m [33m+1ms[39m
[32m[CAR-RENTAL][39m [32m6496[39m 13/03/25 12:12:23 [32m    LOG[39m [33m[InstanceLoader][39m [32mHttpModule dependencies initialized[39m [33m+0ms[39m
[32m[CAR-RENTAL][39m [32m6496[39m 13/03/25 12:12:23 [32m    LOG[39m [33m[InstanceLoader][39m [32mConfigHostModule dependencies initialized[39m [33m+1ms[39m
[32m[CAR-RENTAL][39m [32m6496[39m 13/03/25 12:12:23 [32m    LOG[39m [33m[InstanceLoader][39m [32mBullBoardFeatureModule dependencies initialized[39m [33m+1ms[39m
[32m[CAR-RENTAL][39m [32m6496[39m 13/03/25 12:12:23 [32m    LOG[39m [33m[InstanceLoader][39m [32mBullBoardFeatureModule dependencies initialized[39m [33m+1ms[39m
[32m[CAR-RENTAL][39m [32m6496[39m 13/03/25 12:12:23 [32m    LOG[39m [33m[InstanceLoader][39m [32mDiscoveryModule dependencies initialized[39m [33m+2ms[39m
[32m[CAR-RENTAL][39m [32m6496[39m 13/03/25 12:12:23 [32m    LOG[39m [33m[InstanceLoader][39m [32mBullBoardRootModule dependencies initialized[39m [33m+1ms[39m
[32m[CAR-RENTAL][39m [32m6496[39m 13/03/25 12:12:23 [32m    LOG[39m [33m[InstanceLoader][39m [32mConfigModule dependencies initialized[39m [33m+0ms[39m
[32m[CAR-RENTAL][39m [32m6496[39m 13/03/25 12:12:23 [32m    LOG[39m [33m[InstanceLoader][39m [32mConfigModule dependencies initialized[39m [33m+0ms[39m
[32m[CAR-RENTAL][39m [32m6496[39m 13/03/25 12:12:23 [32m    LOG[39m [33m[InstanceLoader][39m [32mBullModule dependencies initialized[39m [33m+1ms[39m
[32m[CAR-RENTAL][39m [32m6496[39m 13/03/25 12:12:23 [32m    LOG[39m [33m[InstanceLoader][39m [32mBullModule dependencies initialized[39m [33m+1ms[39m
[32m[CAR-RENTAL][39m [32m6496[39m 13/03/25 12:12:23 [32m    LOG[39m [33m[InstanceLoader][39m [32mEmailModule dependencies initialized[39m [33m+0ms[39m
[32m[CAR-RENTAL][39m [32m6496[39m 13/03/25 12:12:23 [32m    LOG[39m [33m[InstanceLoader][39m [32mDatabaseModule dependencies initialized[39m [33m+1ms[39m
[32m[CAR-RENTAL][39m [32m6496[39m 13/03/25 12:12:23 [32m    LOG[39m [33m[InstanceLoader][39m [32mRedisCoreModule dependencies initialized[39m [33m+1ms[39m
[32m[CAR-RENTAL][39m [32m6496[39m 13/03/25 12:12:23 [32m    LOG[39m [33m[InstanceLoader][39m [32mJwtModule dependencies initialized[39m [33m+1ms[39m
[32m[CAR-RENTAL][39m [32m6496[39m 13/03/25 12:12:23 [32m    LOG[39m [33m[InstanceLoader][39m [32mAppModule dependencies initialized[39m [33m+1ms[39m
[32m[CAR-RENTAL][39m [32m6496[39m 13/03/25 12:12:23 [32m    LOG[39m [33m[InstanceLoader][39m [32mCacheModule dependencies initialized[39m [33m+1ms[39m
[32m[CAR-RENTAL][39m [32m6496[39m 13/03/25 12:12:23 [32m    LOG[39m [33m[InstanceLoader][39m [32mTokenModule dependencies initialized[39m [33m+0ms[39m
[32m[CAR-RENTAL][39m [32m6496[39m 13/03/25 12:12:23 [32m    LOG[39m [33m[InstanceLoader][39m [32mTransactionModule dependencies initialized[39m [33m+0ms[39m
[32m[CAR-RENTAL][39m [32m6496[39m 13/03/25 12:12:23 [32m    LOG[39m [33m[InstanceLoader][39m [32mBullModule dependencies initialized[39m [33m+1ms[39m
[32m[CAR-RENTAL][39m [32m6496[39m 13/03/25 12:12:23 [32m    LOG[39m [33m[InstanceLoader][39m [32mBullModule dependencies initialized[39m [33m+1ms[39m
[32m[CAR-RENTAL][39m [32m6496[39m 13/03/25 12:12:23 [32m    LOG[39m [33m[InstanceLoader][39m [32mImageModule dependencies initialized[39m [33m+1ms[39m
[32m[CAR-RENTAL][39m [32m6496[39m 13/03/25 12:12:23 [32m    LOG[39m [33m[InstanceLoader][39m [32mUserModule dependencies initialized[39m [33m+1ms[39m
[32m[CAR-RENTAL][39m [32m6496[39m 13/03/25 12:12:23 [32m    LOG[39m [33m[InstanceLoader][39m [32mCarModule dependencies initialized[39m [33m+0ms[39m
[32m[CAR-RENTAL][39m [32m6496[39m 13/03/25 12:12:23 [32m    LOG[39m [33m[InstanceLoader][39m [32mCategoryModule dependencies initialized[39m [33m+1ms[39m
[32m[CAR-RENTAL][39m [32m6496[39m 13/03/25 12:12:23 [32m    LOG[39m [33m[InstanceLoader][39m [32mPaymentModule dependencies initialized[39m [33m+1ms[39m
[32m[CAR-RENTAL][39m [32m6496[39m 13/03/25 12:12:23 [32m    LOG[39m [33m[InstanceLoader][39m [32mAuthModule dependencies initialized[39m [33m+0ms[39m
[32m[CAR-RENTAL][39m [32m6496[39m 13/03/25 12:12:23 [32m    LOG[39m [33m[InstanceLoader][39m [32mReviewModule dependencies initialized[39m [33m+0ms[39m
[32m[CAR-RENTAL][39m [32m6496[39m 13/03/25 12:12:23 [32m    LOG[39m [33m[InstanceLoader][39m [32mBookingModule dependencies initialized[39m [33m+1ms[39m
[32m[CAR-RENTAL][39m [32m6496[39m 13/03/25 12:12:23 [32m    LOG[39m [33m[RoutesResolver][39m [32mAppController {/}:[39m [33m+1ms[39m
[32m[CAR-RENTAL][39m [32m6496[39m 13/03/25 12:12:23 [32m    LOG[39m [33m[RouterExplorer][39m [32mMapped {/, GET} route[39m [33m+1ms[39m
[32m[CAR-RENTAL][39m [32m6496[39m 13/03/25 12:12:23 [32m    LOG[39m [33m[RoutesResolver][39m [32mAuthController {/auth}:[39m [33m+0ms[39m
[32m[CAR-RENTAL][39m [32m6496[39m 13/03/25 12:12:23 [32m    LOG[39m [33m[RouterExplorer][39m [32mMapped {/auth/signup, POST} route[39m [33m+1ms[39m
[32m[CAR-RENTAL][39m [32m6496[39m 13/03/25 12:12:23 [32m    LOG[39m [33m[RouterExplorer][39m [32mMapped {/auth/login, POST} route[39m [33m+1ms[39m
[32m[CAR-RENTAL][39m [32m6496[39m 13/03/25 12:12:23 [32m    LOG[39m [33m[RouterExplorer][39m [32mMapped {/auth/me, POST} route[39m [33m+1ms[39m
[32m[CAR-RENTAL][39m [32m6496[39m 13/03/25 12:12:23 [32m    LOG[39m [33m[RouterExplorer][39m [32mMapped {/auth/refresh-token, POST} route[39m [33m+1ms[39m
[32m[CAR-RENTAL][39m [32m6496[39m 13/03/25 12:12:23 [32m    LOG[39m [33m[RouterExplorer][39m [32mMapped {/auth/reset-password, POST} route[39m [33m+1ms[39m
[32m[CAR-RENTAL][39m [32m6496[39m 13/03/25 12:12:23 [32m    LOG[39m [33m[RouterExplorer][39m [32mMapped {/auth/verify-account, POST} route[39m [33m+0ms[39m
[32m[CAR-RENTAL][39m [32m6496[39m 13/03/25 12:12:23 [32m    LOG[39m [33m[RouterExplorer][39m [32mMapped {/auth/email/forgot-password, POST} route[39m [33m+0ms[39m
[32m[CAR-RENTAL][39m [32m6496[39m 13/03/25 12:12:23 [32m    LOG[39m [33m[RouterExplorer][39m [32mMapped {/auth/email/verify-account, POST} route[39m [33m+1ms[39m
[32m[CAR-RENTAL][39m [32m6496[39m 13/03/25 12:12:23 [32m    LOG[39m [33m[RoutesResolver][39m [32mUserController {/user}:[39m [33m+1ms[39m
[32m[CAR-RENTAL][39m [32m6496[39m 13/03/25 12:12:23 [32m    LOG[39m [33m[RouterExplorer][39m [32mMapped {/user/:id, GET} route[39m [33m+1ms[39m
[32m[CAR-RENTAL][39m [32m6496[39m 13/03/25 12:12:23 [32m    LOG[39m [33m[RouterExplorer][39m [32mMapped {/user/:id, PATCH} route[39m [33m+1ms[39m
[32m[CAR-RENTAL][39m [32m6496[39m 13/03/25 12:12:23 [32m    LOG[39m [33m[RouterExplorer][39m [32mMapped {/user/:id, DELETE} route[39m [33m+1ms[39m
[32m[CAR-RENTAL][39m [32m6496[39m 13/03/25 12:12:23 [32m    LOG[39m [33m[RoutesResolver][39m [32mImageController {/image}:[39m [33m+1ms[39m
[32m[CAR-RENTAL][39m [32m6496[39m 13/03/25 12:12:23 [32m    LOG[39m [33m[RouterExplorer][39m [32mMapped {/image/upload, POST} route[39m [33m+1ms[39m
[32m[CAR-RENTAL][39m [32m6496[39m 13/03/25 12:12:23 [32m    LOG[39m [33m[RoutesResolver][39m [32mCarController {/car}:[39m [33m+1ms[39m
[32m[CAR-RENTAL][39m [32m6496[39m 13/03/25 12:12:23 [32m    LOG[39m [33m[RouterExplorer][39m [32mMapped {/car, POST} route[39m [33m+1ms[39m
[32m[CAR-RENTAL][39m [32m6496[39m 13/03/25 12:12:23 [32m    LOG[39m [33m[RouterExplorer][39m [32mMapped {/car, GET} route[39m [33m+1ms[39m
[32m[CAR-RENTAL][39m [32m6496[39m 13/03/25 12:12:23 [32m    LOG[39m [33m[RouterExplorer][39m [32mMapped {/car/:id, GET} route[39m [33m+1ms[39m
[32m[CAR-RENTAL][39m [32m6496[39m 13/03/25 12:12:23 [32m    LOG[39m [33m[RouterExplorer][39m [32mMapped {/car/:id, PATCH} route[39m [33m+1ms[39m
[32m[CAR-RENTAL][39m [32m6496[39m 13/03/25 12:12:23 [32m    LOG[39m [33m[RouterExplorer][39m [32mMapped {/car/:id, DELETE} route[39m [33m+1ms[39m
[32m[CAR-RENTAL][39m [32m6496[39m 13/03/25 12:12:23 [32m    LOG[39m [33m[RoutesResolver][39m [32mCategoryController {/category}:[39m [33m+0ms[39m
[32m[CAR-RENTAL][39m [32m6496[39m 13/03/25 12:12:23 [32m    LOG[39m [33m[RouterExplorer][39m [32mMapped {/category, POST} route[39m [33m+0ms[39m
[32m[CAR-RENTAL][39m [32m6496[39m 13/03/25 12:12:23 [32m    LOG[39m [33m[RouterExplorer][39m [32mMapped {/category, GET} route[39m [33m+1ms[39m
[32m[CAR-RENTAL][39m [32m6496[39m 13/03/25 12:12:23 [32m    LOG[39m [33m[RouterExplorer][39m [32mMapped {/category/:id, GET} route[39m [33m+1ms[39m
[32m[CAR-RENTAL][39m [32m6496[39m 13/03/25 12:12:23 [32m    LOG[39m [33m[RouterExplorer][39m [32mMapped {/category/:id, DELETE} route[39m [33m+0ms[39m
[32m[CAR-RENTAL][39m [32m6496[39m 13/03/25 12:12:23 [32m    LOG[39m [33m[RoutesResolver][39m [32mBookingController {/booking}:[39m [33m+1ms[39m
[32m[CAR-RENTAL][39m [32m6496[39m 13/03/25 12:12:23 [32m    LOG[39m [33m[RouterExplorer][39m [32mMapped {/booking, POST} route[39m [33m+1ms[39m
[32m[CAR-RENTAL][39m [32m6496[39m 13/03/25 12:12:23 [32m    LOG[39m [33m[RouterExplorer][39m [32mMapped {/booking, GET} route[39m [33m+1ms[39m
[32m[CAR-RENTAL][39m [32m6496[39m 13/03/25 12:12:23 [32m    LOG[39m [33m[RouterExplorer][39m [32mMapped {/booking/:id, GET} route[39m [33m+1ms[39m
[32m[CAR-RENTAL][39m [32m6496[39m 13/03/25 12:12:23 [32m    LOG[39m [33m[RouterExplorer][39m [32mMapped {/booking/:id, PATCH} route[39m [33m+0ms[39m
[32m[CAR-RENTAL][39m [32m6496[39m 13/03/25 12:12:23 [32m    LOG[39m [33m[RoutesResolver][39m [32mPaymentController {/payment}:[39m [33m+1ms[39m
[32m[CAR-RENTAL][39m [32m6496[39m 13/03/25 12:12:23 [32m    LOG[39m [33m[RouterExplorer][39m [32mMapped {/payment/test/procress, POST} route[39m [33m+0ms[39m
[32m[CAR-RENTAL][39m [32m6496[39m 13/03/25 12:12:23 [32m    LOG[39m [33m[RouterExplorer][39m [32mMapped {/payment/zalopay/callback, POST} route[39m [33m+0ms[39m
[32m[CAR-RENTAL][39m [32m6496[39m 13/03/25 12:12:23 [32m    LOG[39m [33m[RoutesResolver][39m [32mTransactionController {/transaction}:[39m [33m+0ms[39m
[32m[CAR-RENTAL][39m [32m6496[39m 13/03/25 12:12:23 [32m    LOG[39m [33m[RoutesResolver][39m [32mReviewController {/review}:[39m [33m+1ms[39m
[32m[CAR-RENTAL][39m [32m6496[39m 13/03/25 12:12:23 [32m    LOG[39m [33m[RouterExplorer][39m [32mMapped {/review, POST} route[39m [33m+0ms[39m
[32m[CAR-RENTAL][39m [32m6496[39m 13/03/25 12:12:23 [32m    LOG[39m [33m[RouterExplorer][39m [32mMapped {/review, GET} route[39m [33m+1ms[39m
[32m[CAR-RENTAL][39m [32m6496[39m 13/03/25 12:12:23 [32m    LOG[39m [33m[RouterExplorer][39m [32mMapped {/review/:id, GET} route[39m [33m+1ms[39m
[32m[CAR-RENTAL][39m [32m6496[39m 13/03/25 12:12:23 [32m    LOG[39m [33m[RouterExplorer][39m [32mMapped {/review/:id, DELETE} route[39m [33m+1ms[39m
[32m[CAR-RENTAL][39m [32m6496[39m 13/03/25 12:12:23 [32m    LOG[39m [33m[DatabaseService][39m [32mConnected to database successfully[39m [33m+1ms[39m
[32m[CAR-RENTAL][39m [32m6496[39m 13/03/25 12:12:23 [32m    LOG[39m [33m[DatabaseService][39m [32mAdmin account is found[39m [33m+1ms[39m
[32m[CAR-RENTAL][39m [32m6496[39m 13/03/25 12:12:23 [32m    LOG[39m [33m[NestApplication][39m [32mNest application successfully started[39m [33m+1ms[39m
[32m[CAR-RENTAL][39m [32m6496[39m 13/03/25 12:12:23 [32m    LOG[39m [33m[bootstrap][39m [32mServer running on http://localhost:3000[39m [33m+2ms[39m
[32m[CAR-RENTAL][39m [32m6496[39m 13/03/25 12:12:23 [32m    LOG[39m [33m[bootstrap][39m [32mAPI Docs http://localhost:3000/api-docs[39m [33m+0ms[39m
[31m[CAR-RENTAL][39m [31m6496[39m 13/03/25 12:29:10 [31m  ERROR[39m  [31mUpload image failed: Upload image failed with error: "\n<?xml version=\"1.0\" encoding=\"utf-8\"?>\n<!DOCTYPE html PUBLIC \"-//W3C//DTD XHTML 1.0 Strict//EN\"\n \"http://www.w3.org/TR/xhtml1/DTD/xhtml1-strict.dtd\">\n<html>\n  <head>\n    <title>503 backend write error</title>\n  </head>\n  <body>\n    <h1>Error 503 backend write error</h1>\n    <p>backend write error</p>\n    <h3>Error 54113</h3>\n    <p>Details: cache-bfi-kbfi7400099-BFI 1741843751 1684510514</p>\n    <hr>\n    <p>Varnish cache server</p>\n  </body>\n</html>\n"[39m - {
  stack: [32m'InternalServerErrorException: Upload image failed: Upload image failed with error: "\\n<?xml version=\\"1.0\\" encoding=\\"utf-8\\"?>\\n<!DOCTYPE html PUBLIC \\"-//W3C//DTD XHTML 1.0 Strict//EN\\"\\n \\"http://www.w3.org/TR/xhtml1/DTD/xhtml1-strict.dtd\\">\\n<html>\\n  <head>\\n    <title>503 backend write error</title>\\n  </head>\\n  <body>\\n    <h1>Error 503 backend write error</h1>\\n    <p>backend write error</p>\\n    <h3>Error 54113</h3>\\n    <p>Details: cache-bfi-kbfi7400099-BFI 1741843751 1684510514</p>\\n    <hr>\\n    <p>Varnish cache server</p>\\n  </body>\\n</html>\\n"\n'[39m +
    [32m'    at ImageService.uploadImage (C:\\Users\\notrealqt\\Desktop\\Project\\wap\\server\\src\\modules\\image\\image.service.ts:53:13)\n'[39m +
    [32m'    at process.processTicksAndRejections (node:internal/process/task_queues:105:5)'[39m,
  path: [32m'/image/upload'[39m,
  method: [32m'POST'[39m,
  statusCode: [33m500[39m
} [33m+17m[39m
[31m[CAR-RENTAL][39m [31m6496[39m 13/03/25 12:29:10 [31m  ERROR[39m [33m[HTTP][39m [31mPOST /image/upload 500 - 2821.239ms - 2083[39m - { ip: [32m'::1'[39m } [33m+5ms[39m
[31m[CAR-RENTAL][39m [31m6496[39m 13/03/25 12:30:50 [31m  ERROR[39m  [31mUpload image failed: Upload image failed with error: "response was empty"[39m - {
  stack: [32m'InternalServerErrorException: Upload image failed: Upload image failed with error: "response was empty"\n'[39m +
    [32m'    at ImageService.uploadImage (C:\\Users\\notrealqt\\Desktop\\Project\\wap\\server\\src\\modules\\image\\image.service.ts:53:13)\n'[39m +
    [32m'    at process.processTicksAndRejections (node:internal/process/task_queues:105:5)'[39m,
  path: [32m'/image/upload'[39m,
  method: [32m'POST'[39m,
  statusCode: [33m500[39m
} [33m+2m[39m
[31m[CAR-RENTAL][39m [31m6496[39m 13/03/25 12:30:50 [31m  ERROR[39m [33m[HTTP][39m [31mPOST /image/upload 500 - 2263.901ms - 598[39m - { ip: [32m'::1'[39m } [33m+2ms[39m
[31m[CAR-RENTAL][39m [31m6496[39m 13/03/25 12:30:57 [31m  ERROR[39m  [31mCannot GET /image/upload[39m - {
  stack: [32m'NotFoundException: Cannot GET /image/upload\n'[39m +
    [32m'    at callback (C:\\Users\\notrealqt\\Desktop\\Project\\wap\\server\\node_modules\\@nestjs\\core\\router\\routes-resolver.js:77:19)\n'[39m +
    [32m'    at C:\\Users\\notrealqt\\Desktop\\Project\\wap\\server\\node_modules\\@nestjs\\core\\router\\router-proxy.js:9:23\n'[39m +
    [32m'    at Layer.handleRequest (C:\\Users\\notrealqt\\Desktop\\Project\\wap\\server\\node_modules\\router\\lib\\layer.js:145:17)\n'[39m +
    [32m'    at trimPrefix (C:\\Users\\notrealqt\\Desktop\\Project\\wap\\server\\node_modules\\router\\index.js:336:13)\n'[39m +
    [32m'    at C:\\Users\\notrealqt\\Desktop\\Project\\wap\\server\\node_modules\\router\\index.js:294:9\n'[39m +
    [32m'    at processParams (C:\\Users\\notrealqt\\Desktop\\Project\\wap\\server\\node_modules\\router\\index.js:574:12)\n'[39m +
    [32m'    at next (C:\\Users\\notrealqt\\Desktop\\Project\\wap\\server\\node_modules\\router\\index.js:288:5)\n'[39m +
    [32m'    at LoggerMiddleware.use (C:\\Users\\notrealqt\\Desktop\\Project\\wap\\server\\src\\middlewares\\logger.middleware.ts:34:5)\n'[39m +
    [32m'    at C:\\Users\\notrealqt\\Desktop\\Project\\wap\\server\\node_modules\\@nestjs\\core\\router\\router-proxy.js:9:23\n'[39m +
    [32m'    at Layer.handleRequest (C:\\Users\\notrealqt\\Desktop\\Project\\wap\\server\\node_modules\\router\\lib\\layer.js:145:17)'[39m,
  path: [32m'/image/upload'[39m,
  method: [32m'GET'[39m,
  statusCode: [33m404[39m
} [33m+7s[39m
[31m[CAR-RENTAL][39m [31m6496[39m 13/03/25 12:30:57 [31m  ERROR[39m [33m[HTTP][39m [31mGET /image/upload 404 - 4.657ms - 1388[39m - { ip: [32m'::1'[39m } [33m+3ms[39m
[31m[CAR-RENTAL][39m [31m6496[39m 13/03/25 12:30:57 [31m  ERROR[39m  [31mCannot GET /favicon.ico[39m - {
  stack: [32m'NotFoundException: Cannot GET /favicon.ico\n'[39m +
    [32m'    at callback (C:\\Users\\notrealqt\\Desktop\\Project\\wap\\server\\node_modules\\@nestjs\\core\\router\\routes-resolver.js:77:19)\n'[39m +
    [32m'    at C:\\Users\\notrealqt\\Desktop\\Project\\wap\\server\\node_modules\\@nestjs\\core\\router\\router-proxy.js:9:23\n'[39m +
    [32m'    at Layer.handleRequest (C:\\Users\\notrealqt\\Desktop\\Project\\wap\\server\\node_modules\\router\\lib\\layer.js:145:17)\n'[39m +
    [32m'    at trimPrefix (C:\\Users\\notrealqt\\Desktop\\Project\\wap\\server\\node_modules\\router\\index.js:336:13)\n'[39m +
    [32m'    at C:\\Users\\notrealqt\\Desktop\\Project\\wap\\server\\node_modules\\router\\index.js:294:9\n'[39m +
    [32m'    at processParams (C:\\Users\\notrealqt\\Desktop\\Project\\wap\\server\\node_modules\\router\\index.js:574:12)\n'[39m +
    [32m'    at next (C:\\Users\\notrealqt\\Desktop\\Project\\wap\\server\\node_modules\\router\\index.js:288:5)\n'[39m +
    [32m'    at LoggerMiddleware.use (C:\\Users\\notrealqt\\Desktop\\Project\\wap\\server\\src\\middlewares\\logger.middleware.ts:34:5)\n'[39m +
    [32m'    at C:\\Users\\notrealqt\\Desktop\\Project\\wap\\server\\node_modules\\@nestjs\\core\\router\\router-proxy.js:9:23\n'[39m +
    [32m'    at Layer.handleRequest (C:\\Users\\notrealqt\\Desktop\\Project\\wap\\server\\node_modules\\router\\lib\\layer.js:145:17)'[39m,
  path: [32m'/favicon.ico'[39m,
  method: [32m'GET'[39m,
  statusCode: [33m404[39m
} [33m+71ms[39m
[31m[CAR-RENTAL][39m [31m6496[39m 13/03/25 12:30:57 [31m  ERROR[39m [33m[HTTP][39m [31mGET /favicon.ico 404 - 4.312ms - 1385[39m - { ip: [32m'::1'[39m } [33m+4ms[39m
[31m[CAR-RENTAL][39m [31m6496[39m 13/03/25 12:31:50 [31m  ERROR[39m  [31mUpload image failed: Upload image failed with error: "\n<?xml version=\"1.0\" encoding=\"utf-8\"?>\n<!DOCTYPE html PUBLIC \"-//W3C//DTD XHTML 1.0 Strict//EN\"\n \"http://www.w3.org/TR/xhtml1/DTD/xhtml1-strict.dtd\">\n<html>\n  <head>\n    <title>503 backend write error</title>\n  </head>\n  <body>\n    <h1>Error 503 backend write error</h1>\n    <p>backend write error</p>\n    <h3>Error 54113</h3>\n    <p>Details: cache-bfi-krnt7300088-BFI 1741843910 2609606751</p>\n    <hr>\n    <p>Varnish cache server</p>\n  </body>\n</html>\n"[39m - {
  stack: [32m'InternalServerErrorException: Upload image failed: Upload image failed with error: "\\n<?xml version=\\"1.0\\" encoding=\\"utf-8\\"?>\\n<!DOCTYPE html PUBLIC \\"-//W3C//DTD XHTML 1.0 Strict//EN\\"\\n \\"http://www.w3.org/TR/xhtml1/DTD/xhtml1-strict.dtd\\">\\n<html>\\n  <head>\\n    <title>503 backend write error</title>\\n  </head>\\n  <body>\\n    <h1>Error 503 backend write error</h1>\\n    <p>backend write error</p>\\n    <h3>Error 54113</h3>\\n    <p>Details: cache-bfi-krnt7300088-BFI 1741843910 2609606751</p>\\n    <hr>\\n    <p>Varnish cache server</p>\\n  </body>\\n</html>\\n"\n'[39m +
    [32m'    at ImageService.uploadImage (C:\\Users\\notrealqt\\Desktop\\Project\\wap\\server\\src\\modules\\image\\image.service.ts:53:13)\n'[39m +
    [32m'    at process.processTicksAndRejections (node:internal/process/task_queues:105:5)'[39m,
  path: [32m'/image/upload'[39m,
  method: [32m'POST'[39m,
  statusCode: [33m500[39m
} [33m+53s[39m
[31m[CAR-RENTAL][39m [31m6496[39m 13/03/25 12:31:50 [31m  ERROR[39m [33m[HTTP][39m [31mPOST /image/upload 500 - 2448.133ms - 2083[39m - { ip: [32m'::1'[39m } [33m+2ms[39m
[32m[CAR-RENTAL][39m [32m12456[39m 13/03/25 14:45:15 [32m    LOG[39m [33m[NestFactory][39m [32mStarting Nest application...[39m [33m+0ms[39m
[32m[CAR-RENTAL][39m [32m12456[39m 13/03/25 14:45:15 [32m    LOG[39m [33m[InstanceLoader][39m [32mRedisModule dependencies initialized[39m [33m+1ms[39m
[32m[CAR-RENTAL][39m [32m12456[39m 13/03/25 14:45:15 [32m    LOG[39m [33m[InstanceLoader][39m [32mBullBoardModule dependencies initialized[39m [33m+1ms[39m
[32m[CAR-RENTAL][39m [32m12456[39m 13/03/25 14:45:15 [32m    LOG[39m [33m[InstanceLoader][39m [32mPassportModule dependencies initialized[39m [33m+0ms[39m
[32m[CAR-RENTAL][39m [32m12456[39m 13/03/25 14:45:15 [32m    LOG[39m [33m[InstanceLoader][39m [32mMulterModule dependencies initialized[39m [33m+1ms[39m
[32m[CAR-RENTAL][39m [32m12456[39m 13/03/25 14:45:15 [32m    LOG[39m [33m[InstanceLoader][39m [32mJwtModule dependencies initialized[39m [33m+1ms[39m
[32m[CAR-RENTAL][39m [32m12456[39m 13/03/25 14:45:16 [32m    LOG[39m [33m[InstanceLoader][39m [32mHttpModule dependencies initialized[39m [33m+1ms[39m
[32m[CAR-RENTAL][39m [32m12456[39m 13/03/25 14:45:16 [32m    LOG[39m [33m[InstanceLoader][39m [32mConfigHostModule dependencies initialized[39m [33m+1ms[39m
[32m[CAR-RENTAL][39m [32m12456[39m 13/03/25 14:45:16 [32m    LOG[39m [33m[InstanceLoader][39m [32mBullBoardFeatureModule dependencies initialized[39m [33m+0ms[39m
[32m[CAR-RENTAL][39m [32m12456[39m 13/03/25 14:45:16 [32m    LOG[39m [33m[InstanceLoader][39m [32mBullBoardFeatureModule dependencies initialized[39m [33m+1ms[39m
[32m[CAR-RENTAL][39m [32m12456[39m 13/03/25 14:45:16 [32m    LOG[39m [33m[InstanceLoader][39m [32mDiscoveryModule dependencies initialized[39m [33m+1ms[39m
[32m[CAR-RENTAL][39m [32m12456[39m 13/03/25 14:45:16 [32m    LOG[39m [33m[InstanceLoader][39m [32mBullBoardRootModule dependencies initialized[39m [33m+0ms[39m
[32m[CAR-RENTAL][39m [32m12456[39m 13/03/25 14:45:16 [32m    LOG[39m [33m[InstanceLoader][39m [32mConfigModule dependencies initialized[39m [33m+1ms[39m
[32m[CAR-RENTAL][39m [32m12456[39m 13/03/25 14:45:16 [32m    LOG[39m [33m[InstanceLoader][39m [32mConfigModule dependencies initialized[39m [33m+0ms[39m
[32m[CAR-RENTAL][39m [32m12456[39m 13/03/25 14:45:16 [32m    LOG[39m [33m[InstanceLoader][39m [32mBullModule dependencies initialized[39m [33m+0ms[39m
[32m[CAR-RENTAL][39m [32m12456[39m 13/03/25 14:45:16 [32m    LOG[39m [33m[InstanceLoader][39m [32mBullModule dependencies initialized[39m [33m+0ms[39m
[32m[CAR-RENTAL][39m [32m12456[39m 13/03/25 14:45:16 [32m    LOG[39m [33m[InstanceLoader][39m [32mEmailModule dependencies initialized[39m [33m+1ms[39m
[32m[CAR-RENTAL][39m [32m12456[39m 13/03/25 14:45:16 [32m    LOG[39m [33m[InstanceLoader][39m [32mDatabaseModule dependencies initialized[39m [33m+0ms[39m
[32m[CAR-RENTAL][39m [32m12456[39m 13/03/25 14:45:16 [32m    LOG[39m [33m[InstanceLoader][39m [32mRedisCoreModule dependencies initialized[39m [33m+0ms[39m
[32m[CAR-RENTAL][39m [32m12456[39m 13/03/25 14:45:16 [32m    LOG[39m [33m[InstanceLoader][39m [32mJwtModule dependencies initialized[39m [33m+0ms[39m
[32m[CAR-RENTAL][39m [32m12456[39m 13/03/25 14:45:16 [32m    LOG[39m [33m[InstanceLoader][39m [32mAppModule dependencies initialized[39m [33m+0ms[39m
[32m[CAR-RENTAL][39m [32m12456[39m 13/03/25 14:45:16 [32m    LOG[39m [33m[InstanceLoader][39m [32mCacheModule dependencies initialized[39m [33m+1ms[39m
[32m[CAR-RENTAL][39m [32m12456[39m 13/03/25 14:45:16 [32m    LOG[39m [33m[InstanceLoader][39m [32mTokenModule dependencies initialized[39m [33m+0ms[39m
[32m[CAR-RENTAL][39m [32m12456[39m 13/03/25 14:45:16 [32m    LOG[39m [33m[InstanceLoader][39m [32mTransactionModule dependencies initialized[39m [33m+0ms[39m
[32m[CAR-RENTAL][39m [32m12456[39m 13/03/25 14:45:16 [32m    LOG[39m [33m[InstanceLoader][39m [32mBullModule dependencies initialized[39m [33m+0ms[39m
[32m[CAR-RENTAL][39m [32m12456[39m 13/03/25 14:45:16 [32m    LOG[39m [33m[InstanceLoader][39m [32mBullModule dependencies initialized[39m [33m+0ms[39m
[32m[CAR-RENTAL][39m [32m12456[39m 13/03/25 14:45:16 [32m    LOG[39m [33m[InstanceLoader][39m [32mImageModule dependencies initialized[39m [33m+0ms[39m
[32m[CAR-RENTAL][39m [32m12456[39m 13/03/25 14:45:16 [32m    LOG[39m [33m[InstanceLoader][39m [32mUserModule dependencies initialized[39m [33m+0ms[39m
[32m[CAR-RENTAL][39m [32m12456[39m 13/03/25 14:45:16 [32m    LOG[39m [33m[InstanceLoader][39m [32mCarModule dependencies initialized[39m [33m+0ms[39m
[32m[CAR-RENTAL][39m [32m12456[39m 13/03/25 14:45:16 [32m    LOG[39m [33m[InstanceLoader][39m [32mCategoryModule dependencies initialized[39m [33m+0ms[39m
[32m[CAR-RENTAL][39m [32m12456[39m 13/03/25 14:45:16 [32m    LOG[39m [33m[InstanceLoader][39m [32mPaymentModule dependencies initialized[39m [33m+1ms[39m
[32m[CAR-RENTAL][39m [32m12456[39m 13/03/25 14:45:16 [32m    LOG[39m [33m[InstanceLoader][39m [32mAuthModule dependencies initialized[39m [33m+0ms[39m
[32m[CAR-RENTAL][39m [32m12456[39m 13/03/25 14:45:16 [32m    LOG[39m [33m[InstanceLoader][39m [32mReviewModule dependencies initialized[39m [33m+1ms[39m
[32m[CAR-RENTAL][39m [32m12456[39m 13/03/25 14:45:16 [32m    LOG[39m [33m[InstanceLoader][39m [32mBookingModule dependencies initialized[39m [33m+0ms[39m
[32m[CAR-RENTAL][39m [32m12456[39m 13/03/25 14:45:16 [32m    LOG[39m [33m[RoutesResolver][39m [32mAppController {/}:[39m [33m+0ms[39m
[32m[CAR-RENTAL][39m [32m12456[39m 13/03/25 14:45:16 [32m    LOG[39m [33m[RouterExplorer][39m [32mMapped {/, GET} route[39m [33m+1ms[39m
[32m[CAR-RENTAL][39m [32m12456[39m 13/03/25 14:45:16 [32m    LOG[39m [33m[RoutesResolver][39m [32mAuthController {/auth}:[39m [33m+0ms[39m
[32m[CAR-RENTAL][39m [32m12456[39m 13/03/25 14:45:16 [32m    LOG[39m [33m[RouterExplorer][39m [32mMapped {/auth/signup, POST} route[39m [33m+0ms[39m
[32m[CAR-RENTAL][39m [32m12456[39m 13/03/25 14:45:16 [32m    LOG[39m [33m[RouterExplorer][39m [32mMapped {/auth/login, POST} route[39m [33m+0ms[39m
[32m[CAR-RENTAL][39m [32m12456[39m 13/03/25 14:45:16 [32m    LOG[39m [33m[RouterExplorer][39m [32mMapped {/auth/me, POST} route[39m [33m+0ms[39m
[32m[CAR-RENTAL][39m [32m12456[39m 13/03/25 14:45:16 [32m    LOG[39m [33m[RouterExplorer][39m [32mMapped {/auth/refresh-token, POST} route[39m [33m+0ms[39m
[32m[CAR-RENTAL][39m [32m12456[39m 13/03/25 14:45:16 [32m    LOG[39m [33m[RouterExplorer][39m [32mMapped {/auth/reset-password, POST} route[39m [33m+0ms[39m
[32m[CAR-RENTAL][39m [32m12456[39m 13/03/25 14:45:16 [32m    LOG[39m [33m[RouterExplorer][39m [32mMapped {/auth/verify-account, POST} route[39m [33m+1ms[39m
[32m[CAR-RENTAL][39m [32m12456[39m 13/03/25 14:45:16 [32m    LOG[39m [33m[RouterExplorer][39m [32mMapped {/auth/email/forgot-password, POST} route[39m [33m+0ms[39m
[32m[CAR-RENTAL][39m [32m12456[39m 13/03/25 14:45:16 [32m    LOG[39m [33m[RouterExplorer][39m [32mMapped {/auth/email/verify-account, POST} route[39m [33m+0ms[39m
[32m[CAR-RENTAL][39m [32m12456[39m 13/03/25 14:45:16 [32m    LOG[39m [33m[RoutesResolver][39m [32mUserController {/user}:[39m [33m+1ms[39m
[32m[CAR-RENTAL][39m [32m12456[39m 13/03/25 14:45:16 [32m    LOG[39m [33m[RouterExplorer][39m [32mMapped {/user/:id, GET} route[39m [33m+0ms[39m
[32m[CAR-RENTAL][39m [32m12456[39m 13/03/25 14:45:16 [32m    LOG[39m [33m[RouterExplorer][39m [32mMapped {/user/:id, PATCH} route[39m [33m+0ms[39m
[32m[CAR-RENTAL][39m [32m12456[39m 13/03/25 14:45:16 [32m    LOG[39m [33m[RouterExplorer][39m [32mMapped {/user/:id, DELETE} route[39m [33m+0ms[39m
[32m[CAR-RENTAL][39m [32m12456[39m 13/03/25 14:45:16 [32m    LOG[39m [33m[RoutesResolver][39m [32mImageController {/image}:[39m [33m+1ms[39m
[32m[CAR-RENTAL][39m [32m12456[39m 13/03/25 14:45:16 [32m    LOG[39m [33m[RouterExplorer][39m [32mMapped {/image/upload, POST} route[39m [33m+0ms[39m
[32m[CAR-RENTAL][39m [32m12456[39m 13/03/25 14:45:16 [32m    LOG[39m [33m[RoutesResolver][39m [32mCarController {/car}:[39m [33m+0ms[39m
[32m[CAR-RENTAL][39m [32m12456[39m 13/03/25 14:45:16 [32m    LOG[39m [33m[RouterExplorer][39m [32mMapped {/car, POST} route[39m [33m+0ms[39m
[32m[CAR-RENTAL][39m [32m12456[39m 13/03/25 14:45:16 [32m    LOG[39m [33m[RouterExplorer][39m [32mMapped {/car, GET} route[39m [33m+1ms[39m
[32m[CAR-RENTAL][39m [32m12456[39m 13/03/25 14:45:16 [32m    LOG[39m [33m[RouterExplorer][39m [32mMapped {/car/:id, GET} route[39m [33m+0ms[39m
[32m[CAR-RENTAL][39m [32m12456[39m 13/03/25 14:45:16 [32m    LOG[39m [33m[RouterExplorer][39m [32mMapped {/car/:id, PATCH} route[39m [33m+1ms[39m
[32m[CAR-RENTAL][39m [32m12456[39m 13/03/25 14:45:16 [32m    LOG[39m [33m[RouterExplorer][39m [32mMapped {/car/:id, DELETE} route[39m [33m+0ms[39m
[32m[CAR-RENTAL][39m [32m12456[39m 13/03/25 14:45:16 [32m    LOG[39m [33m[RoutesResolver][39m [32mCategoryController {/category}:[39m [33m+1ms[39m
[32m[CAR-RENTAL][39m [32m12456[39m 13/03/25 14:45:16 [32m    LOG[39m [33m[RouterExplorer][39m [32mMapped {/category, POST} route[39m [33m+0ms[39m
[32m[CAR-RENTAL][39m [32m12456[39m 13/03/25 14:45:16 [32m    LOG[39m [33m[RouterExplorer][39m [32mMapped {/category, GET} route[39m [33m+1ms[39m
[32m[CAR-RENTAL][39m [32m12456[39m 13/03/25 14:45:16 [32m    LOG[39m [33m[RouterExplorer][39m [32mMapped {/category/:id, GET} route[39m [33m+0ms[39m
[32m[CAR-RENTAL][39m [32m12456[39m 13/03/25 14:45:16 [32m    LOG[39m [33m[RouterExplorer][39m [32mMapped {/category/:id, DELETE} route[39m [33m+1ms[39m
[32m[CAR-RENTAL][39m [32m12456[39m 13/03/25 14:45:16 [32m    LOG[39m [33m[RoutesResolver][39m [32mBookingController {/booking}:[39m [33m+0ms[39m
[32m[CAR-RENTAL][39m [32m12456[39m 13/03/25 14:45:16 [32m    LOG[39m [33m[RouterExplorer][39m [32mMapped {/booking, POST} route[39m [33m+0ms[39m
[32m[CAR-RENTAL][39m [32m12456[39m 13/03/25 14:45:16 [32m    LOG[39m [33m[RouterExplorer][39m [32mMapped {/booking, GET} route[39m [33m+0ms[39m
[32m[CAR-RENTAL][39m [32m12456[39m 13/03/25 14:45:16 [32m    LOG[39m [33m[RouterExplorer][39m [32mMapped {/booking/:id, GET} route[39m [33m+0ms[39m
[32m[CAR-RENTAL][39m [32m12456[39m 13/03/25 14:45:16 [32m    LOG[39m [33m[RouterExplorer][39m [32mMapped {/booking/:id, PATCH} route[39m [33m+1ms[39m
[32m[CAR-RENTAL][39m [32m12456[39m 13/03/25 14:45:16 [32m    LOG[39m [33m[RoutesResolver][39m [32mPaymentController {/payment}:[39m [33m+0ms[39m
[32m[CAR-RENTAL][39m [32m12456[39m 13/03/25 14:45:16 [32m    LOG[39m [33m[RouterExplorer][39m [32mMapped {/payment/test/procress, POST} route[39m [33m+0ms[39m
[32m[CAR-RENTAL][39m [32m12456[39m 13/03/25 14:45:16 [32m    LOG[39m [33m[RouterExplorer][39m [32mMapped {/payment/zalopay/callback, POST} route[39m [33m+0ms[39m
[32m[CAR-RENTAL][39m [32m12456[39m 13/03/25 14:45:16 [32m    LOG[39m [33m[RoutesResolver][39m [32mTransactionController {/transaction}:[39m [33m+1ms[39m
[32m[CAR-RENTAL][39m [32m12456[39m 13/03/25 14:45:16 [32m    LOG[39m [33m[RoutesResolver][39m [32mReviewController {/review}:[39m [33m+0ms[39m
[32m[CAR-RENTAL][39m [32m12456[39m 13/03/25 14:45:16 [32m    LOG[39m [33m[RouterExplorer][39m [32mMapped {/review, POST} route[39m [33m+0ms[39m
[32m[CAR-RENTAL][39m [32m12456[39m 13/03/25 14:45:16 [32m    LOG[39m [33m[RouterExplorer][39m [32mMapped {/review, GET} route[39m [33m+0ms[39m
[32m[CAR-RENTAL][39m [32m12456[39m 13/03/25 14:45:16 [32m    LOG[39m [33m[RouterExplorer][39m [32mMapped {/review/:id, GET} route[39m [33m+0ms[39m
[32m[CAR-RENTAL][39m [32m12456[39m 13/03/25 14:45:16 [32m    LOG[39m [33m[RouterExplorer][39m [32mMapped {/review/:id, DELETE} route[39m [33m+0ms[39m
[32m[CAR-RENTAL][39m [32m12456[39m 13/03/25 14:45:16 [32m    LOG[39m [33m[DatabaseService][39m [32mConnected to database successfully[39m [33m+0ms[39m
[32m[CAR-RENTAL][39m [32m12456[39m 13/03/25 14:45:16 [32m    LOG[39m [33m[DatabaseService][39m [32mAdmin account is found[39m [33m+0ms[39m
[32m[CAR-RENTAL][39m [32m12456[39m 13/03/25 14:45:16 [32m    LOG[39m [33m[NestApplication][39m [32mNest application successfully started[39m [33m+0ms[39m
[32m[CAR-RENTAL][39m [32m12456[39m 13/03/25 14:45:16 [32m    LOG[39m [33m[bootstrap][39m [32mServer running on http://localhost:3000[39m [33m+1ms[39m
[32m[CAR-RENTAL][39m [32m12456[39m 13/03/25 14:45:16 [32m    LOG[39m [33m[bootstrap][39m [32mAPI Docs http://localhost:3000/api-docs[39m [33m+0ms[39m
[32m[CAR-RENTAL][39m [32m33896[39m 13/03/25 14:46:55 [32m    LOG[39m [33m[NestFactory][39m [32mStarting Nest application...[39m [33m+0ms[39m
[32m[CAR-RENTAL][39m [32m33896[39m 13/03/25 14:46:55 [32m    LOG[39m [33m[InstanceLoader][39m [32mRedisModule dependencies initialized[39m [33m+1ms[39m
[32m[CAR-RENTAL][39m [32m33896[39m 13/03/25 14:46:55 [32m    LOG[39m [33m[InstanceLoader][39m [32mBullBoardModule dependencies initialized[39m [33m+1ms[39m
[32m[CAR-RENTAL][39m [32m33896[39m 13/03/25 14:46:55 [32m    LOG[39m [33m[InstanceLoader][39m [32mPassportModule dependencies initialized[39m [33m+1ms[39m
[32m[CAR-RENTAL][39m [32m33896[39m 13/03/25 14:46:55 [32m    LOG[39m [33m[InstanceLoader][39m [32mMulterModule dependencies initialized[39m [33m+0ms[39m
[32m[CAR-RENTAL][39m [32m33896[39m 13/03/25 14:46:55 [32m    LOG[39m [33m[InstanceLoader][39m [32mJwtModule dependencies initialized[39m [33m+0ms[39m
[32m[CAR-RENTAL][39m [32m33896[39m 13/03/25 14:46:55 [32m    LOG[39m [33m[InstanceLoader][39m [32mHttpModule dependencies initialized[39m [33m+1ms[39m
[32m[CAR-RENTAL][39m [32m33896[39m 13/03/25 14:46:55 [32m    LOG[39m [33m[InstanceLoader][39m [32mConfigHostModule dependencies initialized[39m [33m+0ms[39m
[32m[CAR-RENTAL][39m [32m33896[39m 13/03/25 14:46:55 [32m    LOG[39m [33m[InstanceLoader][39m [32mBullBoardFeatureModule dependencies initialized[39m [33m+1ms[39m
[32m[CAR-RENTAL][39m [32m33896[39m 13/03/25 14:46:55 [32m    LOG[39m [33m[InstanceLoader][39m [32mBullBoardFeatureModule dependencies initialized[39m [33m+0ms[39m
[32m[CAR-RENTAL][39m [32m33896[39m 13/03/25 14:46:55 [32m    LOG[39m [33m[InstanceLoader][39m [32mDiscoveryModule dependencies initialized[39m [33m+0ms[39m
[32m[CAR-RENTAL][39m [32m33896[39m 13/03/25 14:46:55 [32m    LOG[39m [33m[InstanceLoader][39m [32mBullBoardRootModule dependencies initialized[39m [33m+1ms[39m
[32m[CAR-RENTAL][39m [32m33896[39m 13/03/25 14:46:55 [32m    LOG[39m [33m[InstanceLoader][39m [32mConfigModule dependencies initialized[39m [33m+1ms[39m
[32m[CAR-RENTAL][39m [32m33896[39m 13/03/25 14:46:55 [32m    LOG[39m [33m[InstanceLoader][39m [32mConfigModule dependencies initialized[39m [33m+0ms[39m
[32m[CAR-RENTAL][39m [32m33896[39m 13/03/25 14:46:55 [32m    LOG[39m [33m[InstanceLoader][39m [32mBullModule dependencies initialized[39m [33m+0ms[39m
[32m[CAR-RENTAL][39m [32m33896[39m 13/03/25 14:46:55 [32m    LOG[39m [33m[InstanceLoader][39m [32mBullModule dependencies initialized[39m [33m+0ms[39m
[32m[CAR-RENTAL][39m [32m33896[39m 13/03/25 14:46:55 [32m    LOG[39m [33m[InstanceLoader][39m [32mEmailModule dependencies initialized[39m [33m+1ms[39m
[32m[CAR-RENTAL][39m [32m33896[39m 13/03/25 14:46:55 [32m    LOG[39m [33m[InstanceLoader][39m [32mDatabaseModule dependencies initialized[39m [33m+0ms[39m
[32m[CAR-RENTAL][39m [32m33896[39m 13/03/25 14:46:55 [32m    LOG[39m [33m[InstanceLoader][39m [32mRedisCoreModule dependencies initialized[39m [33m+1ms[39m
[32m[CAR-RENTAL][39m [32m33896[39m 13/03/25 14:46:55 [32m    LOG[39m [33m[InstanceLoader][39m [32mJwtModule dependencies initialized[39m [33m+1ms[39m
[32m[CAR-RENTAL][39m [32m33896[39m 13/03/25 14:46:55 [32m    LOG[39m [33m[InstanceLoader][39m [32mAppModule dependencies initialized[39m [33m+0ms[39m
[32m[CAR-RENTAL][39m [32m33896[39m 13/03/25 14:46:55 [32m    LOG[39m [33m[InstanceLoader][39m [32mCacheModule dependencies initialized[39m [33m+1ms[39m
[32m[CAR-RENTAL][39m [32m33896[39m 13/03/25 14:46:55 [32m    LOG[39m [33m[InstanceLoader][39m [32mTokenModule dependencies initialized[39m [33m+0ms[39m
[32m[CAR-RENTAL][39m [32m33896[39m 13/03/25 14:46:55 [32m    LOG[39m [33m[InstanceLoader][39m [32mTransactionModule dependencies initialized[39m [33m+1ms[39m
[32m[CAR-RENTAL][39m [32m33896[39m 13/03/25 14:46:55 [32m    LOG[39m [33m[InstanceLoader][39m [32mBullModule dependencies initialized[39m [33m+1ms[39m
[32m[CAR-RENTAL][39m [32m33896[39m 13/03/25 14:46:55 [32m    LOG[39m [33m[InstanceLoader][39m [32mBullModule dependencies initialized[39m [33m+1ms[39m
[32m[CAR-RENTAL][39m [32m33896[39m 13/03/25 14:46:55 [32m    LOG[39m [33m[InstanceLoader][39m [32mImageModule dependencies initialized[39m [33m+0ms[39m
[32m[CAR-RENTAL][39m [32m33896[39m 13/03/25 14:46:55 [32m    LOG[39m [33m[InstanceLoader][39m [32mUserModule dependencies initialized[39m [33m+0ms[39m
[32m[CAR-RENTAL][39m [32m33896[39m 13/03/25 14:46:55 [32m    LOG[39m [33m[InstanceLoader][39m [32mCarModule dependencies initialized[39m [33m+1ms[39m
[32m[CAR-RENTAL][39m [32m33896[39m 13/03/25 14:46:55 [32m    LOG[39m [33m[InstanceLoader][39m [32mCategoryModule dependencies initialized[39m [33m+0ms[39m
[32m[CAR-RENTAL][39m [32m33896[39m 13/03/25 14:46:55 [32m    LOG[39m [33m[InstanceLoader][39m [32mPaymentModule dependencies initialized[39m [33m+1ms[39m
[32m[CAR-RENTAL][39m [32m33896[39m 13/03/25 14:46:55 [32m    LOG[39m [33m[InstanceLoader][39m [32mAuthModule dependencies initialized[39m [33m+0ms[39m
[32m[CAR-RENTAL][39m [32m33896[39m 13/03/25 14:46:55 [32m    LOG[39m [33m[InstanceLoader][39m [32mReviewModule dependencies initialized[39m [33m+1ms[39m
[32m[CAR-RENTAL][39m [32m33896[39m 13/03/25 14:46:55 [32m    LOG[39m [33m[InstanceLoader][39m [32mBookingModule dependencies initialized[39m [33m+0ms[39m
[32m[CAR-RENTAL][39m [32m33896[39m 13/03/25 14:46:55 [32m    LOG[39m [33m[RoutesResolver][39m [32mAppController {/}:[39m [33m+1ms[39m
[32m[CAR-RENTAL][39m [32m33896[39m 13/03/25 14:46:55 [32m    LOG[39m [33m[RouterExplorer][39m [32mMapped {/, GET} route[39m [33m+1ms[39m
[32m[CAR-RENTAL][39m [32m33896[39m 13/03/25 14:46:55 [32m    LOG[39m [33m[RoutesResolver][39m [32mAuthController {/auth}:[39m [33m+1ms[39m
[32m[CAR-RENTAL][39m [32m33896[39m 13/03/25 14:46:55 [32m    LOG[39m [33m[RouterExplorer][39m [32mMapped {/auth/signup, POST} route[39m [33m+0ms[39m
[32m[CAR-RENTAL][39m [32m33896[39m 13/03/25 14:46:55 [32m    LOG[39m [33m[RouterExplorer][39m [32mMapped {/auth/login, POST} route[39m [33m+0ms[39m
[32m[CAR-RENTAL][39m [32m33896[39m 13/03/25 14:46:55 [32m    LOG[39m [33m[RouterExplorer][39m [32mMapped {/auth/me, POST} route[39m [33m+1ms[39m
[32m[CAR-RENTAL][39m [32m33896[39m 13/03/25 14:46:55 [32m    LOG[39m [33m[RouterExplorer][39m [32mMapped {/auth/refresh-token, POST} route[39m [33m+0ms[39m
[32m[CAR-RENTAL][39m [32m33896[39m 13/03/25 14:46:55 [32m    LOG[39m [33m[RouterExplorer][39m [32mMapped {/auth/reset-password, POST} route[39m [33m+0ms[39m
[32m[CAR-RENTAL][39m [32m33896[39m 13/03/25 14:46:55 [32m    LOG[39m [33m[RouterExplorer][39m [32mMapped {/auth/verify-account, POST} route[39m [33m+1ms[39m
[32m[CAR-RENTAL][39m [32m33896[39m 13/03/25 14:46:55 [32m    LOG[39m [33m[RouterExplorer][39m [32mMapped {/auth/email/forgot-password, POST} route[39m [33m+0ms[39m
[32m[CAR-RENTAL][39m [32m33896[39m 13/03/25 14:46:55 [32m    LOG[39m [33m[RouterExplorer][39m [32mMapped {/auth/email/verify-account, POST} route[39m [33m+1ms[39m
[32m[CAR-RENTAL][39m [32m33896[39m 13/03/25 14:46:55 [32m    LOG[39m [33m[RoutesResolver][39m [32mUserController {/user}:[39m [33m+1ms[39m
[32m[CAR-RENTAL][39m [32m33896[39m 13/03/25 14:46:55 [32m    LOG[39m [33m[RouterExplorer][39m [32mMapped {/user/:id, GET} route[39m [33m+1ms[39m
[32m[CAR-RENTAL][39m [32m33896[39m 13/03/25 14:46:55 [32m    LOG[39m [33m[RouterExplorer][39m [32mMapped {/user/:id, PATCH} route[39m [33m+1ms[39m
[32m[CAR-RENTAL][39m [32m33896[39m 13/03/25 14:46:55 [32m    LOG[39m [33m[RouterExplorer][39m [32mMapped {/user/:id, DELETE} route[39m [33m+0ms[39m
[32m[CAR-RENTAL][39m [32m33896[39m 13/03/25 14:46:55 [32m    LOG[39m [33m[RoutesResolver][39m [32mImageController {/image}:[39m [33m+1ms[39m
[32m[CAR-RENTAL][39m [32m33896[39m 13/03/25 14:46:55 [32m    LOG[39m [33m[RouterExplorer][39m [32mMapped {/image/upload, POST} route[39m [33m+0ms[39m
[32m[CAR-RENTAL][39m [32m33896[39m 13/03/25 14:46:55 [32m    LOG[39m [33m[RoutesResolver][39m [32mCarController {/car}:[39m [33m+0ms[39m
[32m[CAR-RENTAL][39m [32m33896[39m 13/03/25 14:46:55 [32m    LOG[39m [33m[RouterExplorer][39m [32mMapped {/car, POST} route[39m [33m+1ms[39m
[32m[CAR-RENTAL][39m [32m33896[39m 13/03/25 14:46:55 [32m    LOG[39m [33m[RouterExplorer][39m [32mMapped {/car, GET} route[39m [33m+1ms[39m
[32m[CAR-RENTAL][39m [32m33896[39m 13/03/25 14:46:55 [32m    LOG[39m [33m[RouterExplorer][39m [32mMapped {/car/:id, GET} route[39m [33m+1ms[39m
[32m[CAR-RENTAL][39m [32m33896[39m 13/03/25 14:46:55 [32m    LOG[39m [33m[RouterExplorer][39m [32mMapped {/car/:id, PATCH} route[39m [33m+1ms[39m
[32m[CAR-RENTAL][39m [32m33896[39m 13/03/25 14:46:55 [32m    LOG[39m [33m[RouterExplorer][39m [32mMapped {/car/:id, DELETE} route[39m [33m+0ms[39m
[32m[CAR-RENTAL][39m [32m33896[39m 13/03/25 14:46:55 [32m    LOG[39m [33m[RoutesResolver][39m [32mCategoryController {/category}:[39m [33m+1ms[39m
[32m[CAR-RENTAL][39m [32m33896[39m 13/03/25 14:46:55 [32m    LOG[39m [33m[RouterExplorer][39m [32mMapped {/category, POST} route[39m [33m+0ms[39m
[32m[CAR-RENTAL][39m [32m33896[39m 13/03/25 14:46:55 [32m    LOG[39m [33m[RouterExplorer][39m [32mMapped {/category, GET} route[39m [33m+1ms[39m
[32m[CAR-RENTAL][39m [32m33896[39m 13/03/25 14:46:55 [32m    LOG[39m [33m[RouterExplorer][39m [32mMapped {/category/:id, GET} route[39m [33m+0ms[39m
[32m[CAR-RENTAL][39m [32m33896[39m 13/03/25 14:46:55 [32m    LOG[39m [33m[RouterExplorer][39m [32mMapped {/category/:id, DELETE} route[39m [33m+1ms[39m
[32m[CAR-RENTAL][39m [32m33896[39m 13/03/25 14:46:55 [32m    LOG[39m [33m[RoutesResolver][39m [32mBookingController {/booking}:[39m [33m+1ms[39m
[32m[CAR-RENTAL][39m [32m33896[39m 13/03/25 14:46:55 [32m    LOG[39m [33m[RouterExplorer][39m [32mMapped {/booking, POST} route[39m [33m+1ms[39m
[32m[CAR-RENTAL][39m [32m33896[39m 13/03/25 14:46:55 [32m    LOG[39m [33m[RouterExplorer][39m [32mMapped {/booking, GET} route[39m [33m+1ms[39m
[32m[CAR-RENTAL][39m [32m33896[39m 13/03/25 14:46:55 [32m    LOG[39m [33m[RouterExplorer][39m [32mMapped {/booking/:id, GET} route[39m [33m+1ms[39m
[32m[CAR-RENTAL][39m [32m33896[39m 13/03/25 14:46:55 [32m    LOG[39m [33m[RouterExplorer][39m [32mMapped {/booking/:id, PATCH} route[39m [33m+1ms[39m
[32m[CAR-RENTAL][39m [32m33896[39m 13/03/25 14:46:55 [32m    LOG[39m [33m[RoutesResolver][39m [32mPaymentController {/payment}:[39m [33m+0ms[39m
[32m[CAR-RENTAL][39m [32m33896[39m 13/03/25 14:46:55 [32m    LOG[39m [33m[RouterExplorer][39m [32mMapped {/payment/test/procress, POST} route[39m [33m+1ms[39m
[32m[CAR-RENTAL][39m [32m33896[39m 13/03/25 14:46:55 [32m    LOG[39m [33m[RouterExplorer][39m [32mMapped {/payment/zalopay/callback, POST} route[39m [33m+0ms[39m
[32m[CAR-RENTAL][39m [32m33896[39m 13/03/25 14:46:55 [32m    LOG[39m [33m[RoutesResolver][39m [32mTransactionController {/transaction}:[39m [33m+1ms[39m
[32m[CAR-RENTAL][39m [32m33896[39m 13/03/25 14:46:55 [32m    LOG[39m [33m[RoutesResolver][39m [32mReviewController {/review}:[39m [33m+0ms[39m
[32m[CAR-RENTAL][39m [32m33896[39m 13/03/25 14:46:55 [32m    LOG[39m [33m[RouterExplorer][39m [32mMapped {/review, POST} route[39m [33m+0ms[39m
[32m[CAR-RENTAL][39m [32m33896[39m 13/03/25 14:46:55 [32m    LOG[39m [33m[RouterExplorer][39m [32mMapped {/review, GET} route[39m [33m+1ms[39m
[32m[CAR-RENTAL][39m [32m33896[39m 13/03/25 14:46:55 [32m    LOG[39m [33m[RouterExplorer][39m [32mMapped {/review/:id, GET} route[39m [33m+1ms[39m
[32m[CAR-RENTAL][39m [32m33896[39m 13/03/25 14:46:55 [32m    LOG[39m [33m[RouterExplorer][39m [32mMapped {/review/:id, DELETE} route[39m [33m+1ms[39m
[32m[CAR-RENTAL][39m [32m33896[39m 13/03/25 14:46:55 [32m    LOG[39m [33m[DatabaseService][39m [32mConnected to database successfully[39m [33m+0ms[39m
[32m[CAR-RENTAL][39m [32m33896[39m 13/03/25 14:46:55 [32m    LOG[39m [33m[DatabaseService][39m [32mAdmin account is found[39m [33m+1ms[39m
[32m[CAR-RENTAL][39m [32m33896[39m 13/03/25 14:46:55 [32m    LOG[39m [33m[NestApplication][39m [32mNest application successfully started[39m [33m+0ms[39m
[32m[CAR-RENTAL][39m [32m33896[39m 13/03/25 14:46:55 [32m    LOG[39m [33m[bootstrap][39m [32mServer running on http://localhost:3000[39m [33m+1ms[39m
[32m[CAR-RENTAL][39m [32m33896[39m 13/03/25 14:46:55 [32m    LOG[39m [33m[bootstrap][39m [32mAPI Docs http://localhost:3000/api-docs[39m [33m+0ms[39m
[32m[CAR-RENTAL][39m [32m33896[39m 13/03/25 14:49:39 [32m    LOG[39m [33m[HTTP][39m [32mPOST /image/upload 201 - 11705.965ms - 84[39m - { ip: [32m'::1'[39m } [33m+3m[39m
[31m[CAR-RENTAL][39m [31m33896[39m 13/03/25 14:49:54 [31m  ERROR[39m  [31mCannot GET /image/upload[39m - {
  stack: [32m'NotFoundException: Cannot GET /image/upload\n'[39m +
    [32m'    at callback (C:\\Users\\notrealqt\\Desktop\\Project\\wap\\server\\node_modules\\@nestjs\\core\\router\\routes-resolver.js:77:19)\n'[39m +
    [32m'    at C:\\Users\\notrealqt\\Desktop\\Project\\wap\\server\\node_modules\\@nestjs\\core\\router\\router-proxy.js:9:23\n'[39m +
    [32m'    at Layer.handleRequest (C:\\Users\\notrealqt\\Desktop\\Project\\wap\\server\\node_modules\\router\\lib\\layer.js:145:17)\n'[39m +
    [32m'    at trimPrefix (C:\\Users\\notrealqt\\Desktop\\Project\\wap\\server\\node_modules\\router\\index.js:336:13)\n'[39m +
    [32m'    at C:\\Users\\notrealqt\\Desktop\\Project\\wap\\server\\node_modules\\router\\index.js:294:9\n'[39m +
    [32m'    at processParams (C:\\Users\\notrealqt\\Desktop\\Project\\wap\\server\\node_modules\\router\\index.js:574:12)\n'[39m +
    [32m'    at next (C:\\Users\\notrealqt\\Desktop\\Project\\wap\\server\\node_modules\\router\\index.js:288:5)\n'[39m +
    [32m'    at LoggerMiddleware.use (C:\\Users\\notrealqt\\Desktop\\Project\\wap\\server\\src\\middlewares\\logger.middleware.ts:34:5)\n'[39m +
    [32m'    at C:\\Users\\notrealqt\\Desktop\\Project\\wap\\server\\node_modules\\@nestjs\\core\\router\\router-proxy.js:9:23\n'[39m +
    [32m'    at Layer.handleRequest (C:\\Users\\notrealqt\\Desktop\\Project\\wap\\server\\node_modules\\router\\lib\\layer.js:145:17)'[39m,
  path: [32m'/image/upload'[39m,
  method: [32m'GET'[39m,
  statusCode: [33m404[39m
} [33m+16s[39m
[31m[CAR-RENTAL][39m [31m33896[39m 13/03/25 14:49:54 [31m  ERROR[39m [33m[HTTP][39m [31mGET /image/upload 404 - 12.343ms - 1388[39m - { ip: [32m'::1'[39m } [33m+7ms[39m
[31m[CAR-RENTAL][39m [31m33896[39m 13/03/25 14:49:55 [31m  ERROR[39m  [31mCannot GET /favicon.ico[39m - {
  stack: [32m'NotFoundException: Cannot GET /favicon.ico\n'[39m +
    [32m'    at callback (C:\\Users\\notrealqt\\Desktop\\Project\\wap\\server\\node_modules\\@nestjs\\core\\router\\routes-resolver.js:77:19)\n'[39m +
    [32m'    at C:\\Users\\notrealqt\\Desktop\\Project\\wap\\server\\node_modules\\@nestjs\\core\\router\\router-proxy.js:9:23\n'[39m +
    [32m'    at Layer.handleRequest (C:\\Users\\notrealqt\\Desktop\\Project\\wap\\server\\node_modules\\router\\lib\\layer.js:145:17)\n'[39m +
    [32m'    at trimPrefix (C:\\Users\\notrealqt\\Desktop\\Project\\wap\\server\\node_modules\\router\\index.js:336:13)\n'[39m +
    [32m'    at C:\\Users\\notrealqt\\Desktop\\Project\\wap\\server\\node_modules\\router\\index.js:294:9\n'[39m +
    [32m'    at processParams (C:\\Users\\notrealqt\\Desktop\\Project\\wap\\server\\node_modules\\router\\index.js:574:12)\n'[39m +
    [32m'    at next (C:\\Users\\notrealqt\\Desktop\\Project\\wap\\server\\node_modules\\router\\index.js:288:5)\n'[39m +
    [32m'    at LoggerMiddleware.use (C:\\Users\\notrealqt\\Desktop\\Project\\wap\\server\\src\\middlewares\\logger.middleware.ts:34:5)\n'[39m +
    [32m'    at C:\\Users\\notrealqt\\Desktop\\Project\\wap\\server\\node_modules\\@nestjs\\core\\router\\router-proxy.js:9:23\n'[39m +
    [32m'    at Layer.handleRequest (C:\\Users\\notrealqt\\Desktop\\Project\\wap\\server\\node_modules\\router\\lib\\layer.js:145:17)'[39m,
  path: [32m'/favicon.ico'[39m,
  method: [32m'GET'[39m,
  statusCode: [33m404[39m
} [33m+66ms[39m
[31m[CAR-RENTAL][39m [31m33896[39m 13/03/25 14:49:55 [31m  ERROR[39m [33m[HTTP][39m [31mGET /favicon.ico 404 - 6.638ms - 1385[39m - { ip: [32m'::1'[39m } [33m+5ms[39m
[32m[CAR-RENTAL][39m [32m33896[39m 13/03/25 14:53:45 [32m    LOG[39m [33m[HTTP][39m [32mPOST /image/upload 201 - 11124.019ms - 84[39m - { ip: [32m'::1'[39m } [33m+4m[39m
[32m[CAR-RENTAL][39m [32m33896[39m 13/03/25 14:57:47 [32m    LOG[39m [33m[HTTP][39m [32mPOST /image/upload 201 - 2790.211ms - 84[39m - { ip: [32m'::1'[39m } [33m+4m[39m
[32m[CAR-RENTAL][39m [32m33896[39m 13/03/25 14:58:13 [32m    LOG[39m [33m[HTTP][39m [32mPOST /image/upload 201 - 10348.500ms - 84[39m - { ip: [32m'::1'[39m } [33m+26s[39m
[32m[CAR-RENTAL][39m [32m33896[39m 13/03/25 15:00:35 [32m    LOG[39m [33m[HTTP][39m [32mPOST /image/upload 201 - 7469.071ms - 84[39m - { ip: [32m'::1'[39m } [33m+2m[39m
[32m[CAR-RENTAL][39m [32m33896[39m 13/03/25 15:01:06 [32m    LOG[39m [33m[HTTP][39m [32mPOST /image/upload 201 - 4607.251ms - 84[39m - { ip: [32m'::1'[39m } [33m+31s[39m
[32m[CAR-RENTAL][39m [32m33896[39m 13/03/25 15:01:41 [32m    LOG[39m [33m[HTTP][39m [32mPOST /image/upload 201 - 4245.758ms - 84[39m - { ip: [32m'::1'[39m } [33m+35s[39m
[32m[CAR-RENTAL][39m [32m33896[39m 13/03/25 15:06:38 [32m    LOG[39m [33m[HTTP][39m [32mPOST /image/upload 201 - 2105.633ms - 83[39m - { ip: [32m'::1'[39m } [33m+5m[39m
[32m[CAR-RENTAL][39m [32m33896[39m 13/03/25 15:06:55 [32m    LOG[39m [33m[HTTP][39m [32mPOST /image/upload 201 - 1851.798ms - 83[39m - { ip: [32m'::1'[39m } [33m+17s[39m
[32m[CAR-RENTAL][39m [32m33896[39m 13/03/25 15:07:23 [32m    LOG[39m [33m[HTTP][39m [32mPOST /image/upload 201 - 1637.168ms - 83[39m - { ip: [32m'::1'[39m } [33m+28s[39m
[32m[CAR-RENTAL][39m [32m33896[39m 13/03/25 15:07:45 [32m    LOG[39m [33m[HTTP][39m [32mPOST /image/upload 201 - 1566.025ms - 83[39m - { ip: [32m'::1'[39m } [33m+22s[39m
[32m[CAR-RENTAL][39m [32m33896[39m 13/03/25 15:07:58 [32m    LOG[39m [33m[HTTP][39m [32mPOST /image/upload 201 - 1860.129ms - 83[39m - { ip: [32m'::1'[39m } [33m+14s[39m
[32m[CAR-RENTAL][39m [32m33896[39m 13/03/25 15:08:08 [32m    LOG[39m [33m[HTTP][39m [32mPOST /image/upload 201 - 1584.296ms - 83[39m - { ip: [32m'::1'[39m } [33m+10s[39m
[31m[CAR-RENTAL][39m [31m33896[39m 13/03/25 15:13:34 [31m  ERROR[39m  [31mUpload image failed: Upload image failed with error: "We don't support that file type!"[39m - {
  stack: [32m`InternalServerErrorException: Upload image failed: Upload image failed with error: "We don't support that file type!"\n`[39m +
    [32m'    at ImageService.uploadImage (C:\\Users\\notrealqt\\Desktop\\Project\\wap\\server\\src\\modules\\image\\image.service.ts:53:13)\n'[39m +
    [32m'    at process.processTicksAndRejections (node:internal/process/task_queues:105:5)'[39m,
  path: [32m'/image/upload'[39m,
  method: [32m'POST'[39m,
  statusCode: [33m500[39m
} [33m+5m[39m
[31m[CAR-RENTAL][39m [31m33896[39m 13/03/25 15:13:34 [31m  ERROR[39m [33m[HTTP][39m [31mPOST /image/upload 500 - 1696.103ms - 640[39m - { ip: [32m'::1'[39m } [33m+2ms[39m
