[32m[CAR-RENTAL][39m [32m38968[39m 12/03/25 12:04:29 [32m    LOG[39m [33m[NestFactory][39m [32mStarting Nest application...[39m [33m+0ms[39m
[32m[CAR-RENTAL][39m [32m38968[39m 12/03/25 12:04:29 [32m    LOG[39m [33m[InstanceLoader][39m [32mRedisModule dependencies initialized[39m [33m+1ms[39m
[32m[CAR-RENTAL][39m [32m38968[39m 12/03/25 12:04:29 [32m    LOG[39m [33m[InstanceLoader][39m [32mBullBoardModule dependencies initialized[39m [33m+1ms[39m
[32m[CAR-RENTAL][39m [32m38968[39m 12/03/25 12:04:29 [32m    LOG[39m [33m[InstanceLoader][39m [32mPassportModule dependencies initialized[39m [33m+0ms[39m
[32m[CAR-RENTAL][39m [32m38968[39m 12/03/25 12:04:29 [32m    LOG[39m [33m[InstanceLoader][39m [32mMulterModule dependencies initialized[39m [33m+1ms[39m
[32m[CAR-RENTAL][39m [32m38968[39m 12/03/25 12:04:29 [32m    LOG[39m [33m[InstanceLoader][39m [32mJwtModule dependencies initialized[39m [33m+0ms[39m
[32m[CAR-RENTAL][39m [32m38968[39m 12/03/25 12:04:29 [32m    LOG[39m [33m[InstanceLoader][39m [32mHttpModule dependencies initialized[39m [33m+0ms[39m
[32m[CAR-RENTAL][39m [32m38968[39m 12/03/25 12:04:29 [32m    LOG[39m [33m[InstanceLoader][39m [32mConfigHostModule dependencies initialized[39m [33m+1ms[39m
[32m[CAR-RENTAL][39m [32m38968[39m 12/03/25 12:04:29 [32m    LOG[39m [33m[InstanceLoader][39m [32mBullBoardFeatureModule dependencies initialized[39m [33m+0ms[39m
[32m[CAR-RENTAL][39m [32m38968[39m 12/03/25 12:04:29 [32m    LOG[39m [33m[InstanceLoader][39m [32mBullBoardFeatureModule dependencies initialized[39m [33m+1ms[39m
[32m[CAR-RENTAL][39m [32m38968[39m 12/03/25 12:04:29 [32m    LOG[39m [33m[InstanceLoader][39m [32mDiscoveryModule dependencies initialized[39m [33m+1ms[39m
[32m[CAR-RENTAL][39m [32m38968[39m 12/03/25 12:04:29 [32m    LOG[39m [33m[InstanceLoader][39m [32mBullBoardRootModule dependencies initialized[39m [33m+0ms[39m
[32m[CAR-RENTAL][39m [32m38968[39m 12/03/25 12:04:29 [32m    LOG[39m [33m[InstanceLoader][39m [32mConfigModule dependencies initialized[39m [33m+1ms[39m
[32m[CAR-RENTAL][39m [32m38968[39m 12/03/25 12:04:29 [32m    LOG[39m [33m[InstanceLoader][39m [32mConfigModule dependencies initialized[39m [33m+0ms[39m
[32m[CAR-RENTAL][39m [32m38968[39m 12/03/25 12:04:29 [32m    LOG[39m [33m[InstanceLoader][39m [32mBullModule dependencies initialized[39m [33m+1ms[39m
[32m[CAR-RENTAL][39m [32m38968[39m 12/03/25 12:04:29 [32m    LOG[39m [33m[InstanceLoader][39m [32mBullModule dependencies initialized[39m [33m+1ms[39m
[32m[CAR-RENTAL][39m [32m38968[39m 12/03/25 12:04:29 [32m    LOG[39m [33m[InstanceLoader][39m [32mEmailModule dependencies initialized[39m [33m+0ms[39m
[32m[CAR-RENTAL][39m [32m38968[39m 12/03/25 12:04:29 [32m    LOG[39m [33m[InstanceLoader][39m [32mDatabaseModule dependencies initialized[39m [33m+0ms[39m
[32m[CAR-RENTAL][39m [32m38968[39m 12/03/25 12:04:29 [32m    LOG[39m [33m[InstanceLoader][39m [32mRedisCoreModule dependencies initialized[39m [33m+0ms[39m
[32m[CAR-RENTAL][39m [32m38968[39m 12/03/25 12:04:29 [32m    LOG[39m [33m[InstanceLoader][39m [32mJwtModule dependencies initialized[39m [33m+0ms[39m
[32m[CAR-RENTAL][39m [32m38968[39m 12/03/25 12:04:29 [32m    LOG[39m [33m[InstanceLoader][39m [32mAppModule dependencies initialized[39m [33m+1ms[39m
[32m[CAR-RENTAL][39m [32m38968[39m 12/03/25 12:04:29 [32m    LOG[39m [33m[InstanceLoader][39m [32mCacheModule dependencies initialized[39m [33m+0ms[39m
[32m[CAR-RENTAL][39m [32m38968[39m 12/03/25 12:04:29 [32m    LOG[39m [33m[InstanceLoader][39m [32mTokenModule dependencies initialized[39m [33m+0ms[39m
[32m[CAR-RENTAL][39m [32m38968[39m 12/03/25 12:04:29 [32m    LOG[39m [33m[InstanceLoader][39m [32mTransactionModule dependencies initialized[39m [33m+1ms[39m
[32m[CAR-RENTAL][39m [32m38968[39m 12/03/25 12:04:29 [32m    LOG[39m [33m[InstanceLoader][39m [32mBullModule dependencies initialized[39m [33m+0ms[39m
[32m[CAR-RENTAL][39m [32m38968[39m 12/03/25 12:04:29 [32m    LOG[39m [33m[InstanceLoader][39m [32mBullModule dependencies initialized[39m [33m+0ms[39m
[32m[CAR-RENTAL][39m [32m38968[39m 12/03/25 12:04:29 [32m    LOG[39m [33m[InstanceLoader][39m [32mImageModule dependencies initialized[39m [33m+0ms[39m
[32m[CAR-RENTAL][39m [32m38968[39m 12/03/25 12:04:29 [32m    LOG[39m [33m[InstanceLoader][39m [32mUserModule dependencies initialized[39m [33m+0ms[39m
[32m[CAR-RENTAL][39m [32m38968[39m 12/03/25 12:04:29 [32m    LOG[39m [33m[InstanceLoader][39m [32mCarModule dependencies initialized[39m [33m+1ms[39m
[32m[CAR-RENTAL][39m [32m38968[39m 12/03/25 12:04:29 [32m    LOG[39m [33m[InstanceLoader][39m [32mCategoryModule dependencies initialized[39m [33m+0ms[39m
[32m[CAR-RENTAL][39m [32m38968[39m 12/03/25 12:04:29 [32m    LOG[39m [33m[InstanceLoader][39m [32mPaymentModule dependencies initialized[39m [33m+0ms[39m
[32m[CAR-RENTAL][39m [32m38968[39m 12/03/25 12:04:29 [32m    LOG[39m [33m[InstanceLoader][39m [32mAuthModule dependencies initialized[39m [33m+0ms[39m
[32m[CAR-RENTAL][39m [32m38968[39m 12/03/25 12:04:29 [32m    LOG[39m [33m[InstanceLoader][39m [32mReviewModule dependencies initialized[39m [33m+0ms[39m
[32m[CAR-RENTAL][39m [32m38968[39m 12/03/25 12:04:29 [32m    LOG[39m [33m[InstanceLoader][39m [32mBookingModule dependencies initialized[39m [33m+1ms[39m
[32m[CAR-RENTAL][39m [32m38968[39m 12/03/25 12:04:29 [32m    LOG[39m [33m[RoutesResolver][39m [32mAppController {/}:[39m [33m+0ms[39m
[32m[CAR-RENTAL][39m [32m38968[39m 12/03/25 12:04:29 [32m    LOG[39m [33m[RouterExplorer][39m [32mMapped {/, GET} route[39m [33m+0ms[39m
[32m[CAR-RENTAL][39m [32m38968[39m 12/03/25 12:04:29 [32m    LOG[39m [33m[RoutesResolver][39m [32mAuthController {/auth}:[39m [33m+1ms[39m
[32m[CAR-RENTAL][39m [32m38968[39m 12/03/25 12:04:29 [32m    LOG[39m [33m[RouterExplorer][39m [32mMapped {/auth/signup, POST} route[39m [33m+0ms[39m
[32m[CAR-RENTAL][39m [32m38968[39m 12/03/25 12:04:29 [32m    LOG[39m [33m[RouterExplorer][39m [32mMapped {/auth/login, POST} route[39m [33m+1ms[39m
[32m[CAR-RENTAL][39m [32m38968[39m 12/03/25 12:04:29 [32m    LOG[39m [33m[RouterExplorer][39m [32mMapped {/auth/me, POST} route[39m [33m+0ms[39m
[32m[CAR-RENTAL][39m [32m38968[39m 12/03/25 12:04:29 [32m    LOG[39m [33m[RouterExplorer][39m [32mMapped {/auth/refresh-token, POST} route[39m [33m+1ms[39m
[32m[CAR-RENTAL][39m [32m38968[39m 12/03/25 12:04:29 [32m    LOG[39m [33m[RouterExplorer][39m [32mMapped {/auth/reset-password, POST} route[39m [33m+0ms[39m
[32m[CAR-RENTAL][39m [32m38968[39m 12/03/25 12:04:29 [32m    LOG[39m [33m[RouterExplorer][39m [32mMapped {/auth/verify-account, POST} route[39m [33m+1ms[39m
[32m[CAR-RENTAL][39m [32m38968[39m 12/03/25 12:04:29 [32m    LOG[39m [33m[RouterExplorer][39m [32mMapped {/auth/email/forgot-password, POST} route[39m [33m+0ms[39m
[32m[CAR-RENTAL][39m [32m38968[39m 12/03/25 12:04:29 [32m    LOG[39m [33m[RouterExplorer][39m [32mMapped {/auth/email/verify-account, POST} route[39m [33m+1ms[39m
[32m[CAR-RENTAL][39m [32m38968[39m 12/03/25 12:04:29 [32m    LOG[39m [33m[RoutesResolver][39m [32mUserController {/user}:[39m [33m+1ms[39m
[32m[CAR-RENTAL][39m [32m38968[39m 12/03/25 12:04:29 [32m    LOG[39m [33m[RouterExplorer][39m [32mMapped {/user/:id, GET} route[39m [33m+1ms[39m
[32m[CAR-RENTAL][39m [32m38968[39m 12/03/25 12:04:29 [32m    LOG[39m [33m[RouterExplorer][39m [32mMapped {/user/:id, PATCH} route[39m [33m+0ms[39m
[32m[CAR-RENTAL][39m [32m38968[39m 12/03/25 12:04:29 [32m    LOG[39m [33m[RouterExplorer][39m [32mMapped {/user/:id, DELETE} route[39m [33m+1ms[39m
[32m[CAR-RENTAL][39m [32m38968[39m 12/03/25 12:04:29 [32m    LOG[39m [33m[RoutesResolver][39m [32mImageController {/image}:[39m [33m+0ms[39m
[32m[CAR-RENTAL][39m [32m38968[39m 12/03/25 12:04:29 [32m    LOG[39m [33m[RouterExplorer][39m [32mMapped {/image/upload, POST} route[39m [33m+1ms[39m
[32m[CAR-RENTAL][39m [32m38968[39m 12/03/25 12:04:29 [32m    LOG[39m [33m[RoutesResolver][39m [32mCarController {/car}:[39m [33m+1ms[39m
[32m[CAR-RENTAL][39m [32m38968[39m 12/03/25 12:04:29 [32m    LOG[39m [33m[RouterExplorer][39m [32mMapped {/car, POST} route[39m [33m+0ms[39m
[32m[CAR-RENTAL][39m [32m38968[39m 12/03/25 12:04:29 [32m    LOG[39m [33m[RouterExplorer][39m [32mMapped {/car, GET} route[39m [33m+1ms[39m
[32m[CAR-RENTAL][39m [32m38968[39m 12/03/25 12:04:29 [32m    LOG[39m [33m[RouterExplorer][39m [32mMapped {/car/:id, GET} route[39m [33m+0ms[39m
[32m[CAR-RENTAL][39m [32m38968[39m 12/03/25 12:04:29 [32m    LOG[39m [33m[RouterExplorer][39m [32mMapped {/car/:id, PATCH} route[39m [33m+0ms[39m
[32m[CAR-RENTAL][39m [32m38968[39m 12/03/25 12:04:29 [32m    LOG[39m [33m[RouterExplorer][39m [32mMapped {/car/:id, DELETE} route[39m [33m+1ms[39m
[32m[CAR-RENTAL][39m [32m38968[39m 12/03/25 12:04:29 [32m    LOG[39m [33m[RoutesResolver][39m [32mCategoryController {/category}:[39m [33m+0ms[39m
[32m[CAR-RENTAL][39m [32m38968[39m 12/03/25 12:04:29 [32m    LOG[39m [33m[RouterExplorer][39m [32mMapped {/category, POST} route[39m [33m+1ms[39m
[32m[CAR-RENTAL][39m [32m38968[39m 12/03/25 12:04:29 [32m    LOG[39m [33m[RouterExplorer][39m [32mMapped {/category, GET} route[39m [33m+0ms[39m
[32m[CAR-RENTAL][39m [32m38968[39m 12/03/25 12:04:29 [32m    LOG[39m [33m[RouterExplorer][39m [32mMapped {/category/:id, GET} route[39m [33m+0ms[39m
[32m[CAR-RENTAL][39m [32m38968[39m 12/03/25 12:04:29 [32m    LOG[39m [33m[RouterExplorer][39m [32mMapped {/category/:id, DELETE} route[39m [33m+1ms[39m
[32m[CAR-RENTAL][39m [32m38968[39m 12/03/25 12:04:29 [32m    LOG[39m [33m[RoutesResolver][39m [32mBookingController {/booking}:[39m [33m+0ms[39m
[32m[CAR-RENTAL][39m [32m38968[39m 12/03/25 12:04:29 [32m    LOG[39m [33m[RouterExplorer][39m [32mMapped {/booking, POST} route[39m [33m+1ms[39m
[32m[CAR-RENTAL][39m [32m38968[39m 12/03/25 12:04:29 [32m    LOG[39m [33m[RouterExplorer][39m [32mMapped {/booking, GET} route[39m [33m+0ms[39m
[32m[CAR-RENTAL][39m [32m38968[39m 12/03/25 12:04:29 [32m    LOG[39m [33m[RouterExplorer][39m [32mMapped {/booking/:id, GET} route[39m [33m+0ms[39m
[32m[CAR-RENTAL][39m [32m38968[39m 12/03/25 12:04:29 [32m    LOG[39m [33m[RouterExplorer][39m [32mMapped {/booking/:id, PATCH} route[39m [33m+1ms[39m
[32m[CAR-RENTAL][39m [32m38968[39m 12/03/25 12:04:29 [32m    LOG[39m [33m[RoutesResolver][39m [32mPaymentController {/payment}:[39m [33m+0ms[39m
[32m[CAR-RENTAL][39m [32m38968[39m 12/03/25 12:04:29 [32m    LOG[39m [33m[RouterExplorer][39m [32mMapped {/payment/test/procress, POST} route[39m [33m+0ms[39m
[32m[CAR-RENTAL][39m [32m38968[39m 12/03/25 12:04:29 [32m    LOG[39m [33m[RouterExplorer][39m [32mMapped {/payment/zalopay/callback, POST} route[39m [33m+1ms[39m
[32m[CAR-RENTAL][39m [32m38968[39m 12/03/25 12:04:29 [32m    LOG[39m [33m[RoutesResolver][39m [32mTransactionController {/transaction}:[39m [33m+0ms[39m
[32m[CAR-RENTAL][39m [32m38968[39m 12/03/25 12:04:29 [32m    LOG[39m [33m[RoutesResolver][39m [32mReviewController {/review}:[39m [33m+0ms[39m
[32m[CAR-RENTAL][39m [32m38968[39m 12/03/25 12:04:29 [32m    LOG[39m [33m[RouterExplorer][39m [32mMapped {/review, POST} route[39m [33m+1ms[39m
[32m[CAR-RENTAL][39m [32m38968[39m 12/03/25 12:04:29 [32m    LOG[39m [33m[RouterExplorer][39m [32mMapped {/review, GET} route[39m [33m+0ms[39m
[32m[CAR-RENTAL][39m [32m38968[39m 12/03/25 12:04:29 [32m    LOG[39m [33m[RouterExplorer][39m [32mMapped {/review/:id, GET} route[39m [33m+1ms[39m
[32m[CAR-RENTAL][39m [32m38968[39m 12/03/25 12:04:29 [32m    LOG[39m [33m[RouterExplorer][39m [32mMapped {/review/:id, DELETE} route[39m [33m+1ms[39m
[32m[CAR-RENTAL][39m [32m38968[39m 12/03/25 12:04:29 [32m    LOG[39m [33m[DatabaseService][39m [32mConnected to database successfully[39m [33m+0ms[39m
[32m[CAR-RENTAL][39m [32m38968[39m 12/03/25 12:04:29 [32m    LOG[39m [33m[DatabaseService][39m [32mAdmin account is found[39m [33m+1ms[39m
[32m[CAR-RENTAL][39m [32m38968[39m 12/03/25 12:04:29 [32m    LOG[39m [33m[NestApplication][39m [32mNest application successfully started[39m [33m+0ms[39m
[32m[CAR-RENTAL][39m [32m38968[39m 12/03/25 12:04:29 [32m    LOG[39m [33m[bootstrap][39m [32mServer running on http://localhost:3000[39m [33m+1ms[39m
[32m[CAR-RENTAL][39m [32m38968[39m 12/03/25 12:04:29 [32m    LOG[39m [33m[bootstrap][39m [32mAPI Docs http://localhost:3000/api-docs[39m [33m+0ms[39m
[31m[CAR-RENTAL][39m [31m38968[39m 12/03/25 12:07:21 [31m  ERROR[39m  [31mUpload image failed: Upload image failed with error: "\n<?xml version=\"1.0\" encoding=\"utf-8\"?>\n<!DOCTYPE html PUBLIC \"-//W3C//DTD XHTML 1.0 Strict//EN\"\n \"http://www.w3.org/TR/xhtml1/DTD/xhtml1-strict.dtd\">\n<html>\n  <head>\n    <title>503 backend write error</title>\n  </head>\n  <body>\n    <h1>Error 503 backend write error</h1>\n    <p>backend write error</p>\n    <h3>Error 54113</h3>\n    <p>Details: cache-sjc10058-SJC 1741756041 79715009</p>\n    <hr>\n    <p>Varnish cache server</p>\n  </body>\n</html>\n"[39m - {
  stack: [32m'InternalServerErrorException: Upload image failed: Upload image failed with error: "\\n<?xml version=\\"1.0\\" encoding=\\"utf-8\\"?>\\n<!DOCTYPE html PUBLIC \\"-//W3C//DTD XHTML 1.0 Strict//EN\\"\\n \\"http://www.w3.org/TR/xhtml1/DTD/xhtml1-strict.dtd\\">\\n<html>\\n  <head>\\n    <title>503 backend write error</title>\\n  </head>\\n  <body>\\n    <h1>Error 503 backend write error</h1>\\n    <p>backend write error</p>\\n    <h3>Error 54113</h3>\\n    <p>Details: cache-sjc10058-SJC 1741756041 79715009</p>\\n    <hr>\\n    <p>Varnish cache server</p>\\n  </body>\\n</html>\\n"\n'[39m +
    [32m'    at ImageService.uploadImage (C:\\Users\\notrealqt\\Desktop\\Project\\wap\\server\\src\\modules\\image\\image.service.ts:53:13)\n'[39m +
    [32m'    at process.processTicksAndRejections (node:internal/process/task_queues:105:5)'[39m,
  path: [32m'/image/upload'[39m,
  method: [32m'POST'[39m,
  statusCode: [33m500[39m
} [33m+3m[39m
[31m[CAR-RENTAL][39m [31m38968[39m 12/03/25 12:07:21 [31m  ERROR[39m [33m[HTTP][39m [31mPOST /image/upload 500 - 3812.654ms - 2056[39m - { ip: [32m'::1'[39m } [33m+4ms[39m
[31m[CAR-RENTAL][39m [31m38968[39m 12/03/25 12:08:38 [31m  ERROR[39m  [31mUpload image failed: Upload image failed with error: "\n<?xml version=\"1.0\" encoding=\"utf-8\"?>\n<!DOCTYPE html PUBLIC \"-//W3C//DTD XHTML 1.0 Strict//EN\"\n \"http://www.w3.org/TR/xhtml1/DTD/xhtml1-strict.dtd\">\n<html>\n  <head>\n    <title>503 backend write error</title>\n  </head>\n  <body>\n    <h1>Error 503 backend write error</h1>\n    <p>backend write error</p>\n    <h3>Error 54113</h3>\n    <p>Details: cache-bfi-krnt7300070-BFI 1741756118 3775231754</p>\n    <hr>\n    <p>Varnish cache server</p>\n  </body>\n</html>\n"[39m - {
  stack: [32m'InternalServerErrorException: Upload image failed: Upload image failed with error: "\\n<?xml version=\\"1.0\\" encoding=\\"utf-8\\"?>\\n<!DOCTYPE html PUBLIC \\"-//W3C//DTD XHTML 1.0 Strict//EN\\"\\n \\"http://www.w3.org/TR/xhtml1/DTD/xhtml1-strict.dtd\\">\\n<html>\\n  <head>\\n    <title>503 backend write error</title>\\n  </head>\\n  <body>\\n    <h1>Error 503 backend write error</h1>\\n    <p>backend write error</p>\\n    <h3>Error 54113</h3>\\n    <p>Details: cache-bfi-krnt7300070-BFI 1741756118 3775231754</p>\\n    <hr>\\n    <p>Varnish cache server</p>\\n  </body>\\n</html>\\n"\n'[39m +
    [32m'    at ImageService.uploadImage (C:\\Users\\notrealqt\\Desktop\\Project\\wap\\server\\src\\modules\\image\\image.service.ts:53:13)\n'[39m +
    [32m'    at process.processTicksAndRejections (node:internal/process/task_queues:105:5)'[39m,
  path: [32m'/image/upload'[39m,
  method: [32m'POST'[39m,
  statusCode: [33m500[39m
} [33m+1m[39m
[31m[CAR-RENTAL][39m [31m38968[39m 12/03/25 12:08:38 [31m  ERROR[39m [33m[HTTP][39m [31mPOST /image/upload 500 - 2380.543ms - 2083[39m - { ip: [32m'::1'[39m } [33m+2ms[39m
[31m[CAR-RENTAL][39m [31m38968[39m 12/03/25 12:09:36 [31m  ERROR[39m  [31mCannot GET /image/upload[39m - {
  stack: [32m'NotFoundException: Cannot GET /image/upload\n'[39m +
    [32m'    at callback (C:\\Users\\notrealqt\\Desktop\\Project\\wap\\server\\node_modules\\@nestjs\\core\\router\\routes-resolver.js:77:19)\n'[39m +
    [32m'    at C:\\Users\\notrealqt\\Desktop\\Project\\wap\\server\\node_modules\\@nestjs\\core\\router\\router-proxy.js:9:23\n'[39m +
    [32m'    at Layer.handleRequest (C:\\Users\\notrealqt\\Desktop\\Project\\wap\\server\\node_modules\\router\\lib\\layer.js:145:17)\n'[39m +
    [32m'    at trimPrefix (C:\\Users\\notrealqt\\Desktop\\Project\\wap\\server\\node_modules\\router\\index.js:336:13)\n'[39m +
    [32m'    at C:\\Users\\notrealqt\\Desktop\\Project\\wap\\server\\node_modules\\router\\index.js:294:9\n'[39m +
    [32m'    at processParams (C:\\Users\\notrealqt\\Desktop\\Project\\wap\\server\\node_modules\\router\\index.js:574:12)\n'[39m +
    [32m'    at next (C:\\Users\\notrealqt\\Desktop\\Project\\wap\\server\\node_modules\\router\\index.js:288:5)\n'[39m +
    [32m'    at LoggerMiddleware.use (C:\\Users\\notrealqt\\Desktop\\Project\\wap\\server\\src\\middlewares\\logger.middleware.ts:34:5)\n'[39m +
    [32m'    at C:\\Users\\notrealqt\\Desktop\\Project\\wap\\server\\node_modules\\@nestjs\\core\\router\\router-proxy.js:9:23\n'[39m +
    [32m'    at Layer.handleRequest (C:\\Users\\notrealqt\\Desktop\\Project\\wap\\server\\node_modules\\router\\lib\\layer.js:145:17)'[39m,
  path: [32m'/image/upload'[39m,
  method: [32m'GET'[39m,
  statusCode: [33m404[39m
} [33m+57s[39m
[31m[CAR-RENTAL][39m [31m38968[39m 12/03/25 12:09:36 [31m  ERROR[39m [33m[HTTP][39m [31mGET /image/upload 404 - 6.335ms - 1388[39m - { ip: [32m'::1'[39m } [33m+4ms[39m
[31m[CAR-RENTAL][39m [31m38968[39m 12/03/25 12:09:36 [31m  ERROR[39m  [31mCannot GET /favicon.ico[39m - {
  stack: [32m'NotFoundException: Cannot GET /favicon.ico\n'[39m +
    [32m'    at callback (C:\\Users\\notrealqt\\Desktop\\Project\\wap\\server\\node_modules\\@nestjs\\core\\router\\routes-resolver.js:77:19)\n'[39m +
    [32m'    at C:\\Users\\notrealqt\\Desktop\\Project\\wap\\server\\node_modules\\@nestjs\\core\\router\\router-proxy.js:9:23\n'[39m +
    [32m'    at Layer.handleRequest (C:\\Users\\notrealqt\\Desktop\\Project\\wap\\server\\node_modules\\router\\lib\\layer.js:145:17)\n'[39m +
    [32m'    at trimPrefix (C:\\Users\\notrealqt\\Desktop\\Project\\wap\\server\\node_modules\\router\\index.js:336:13)\n'[39m +
    [32m'    at C:\\Users\\notrealqt\\Desktop\\Project\\wap\\server\\node_modules\\router\\index.js:294:9\n'[39m +
    [32m'    at processParams (C:\\Users\\notrealqt\\Desktop\\Project\\wap\\server\\node_modules\\router\\index.js:574:12)\n'[39m +
    [32m'    at next (C:\\Users\\notrealqt\\Desktop\\Project\\wap\\server\\node_modules\\router\\index.js:288:5)\n'[39m +
    [32m'    at LoggerMiddleware.use (C:\\Users\\notrealqt\\Desktop\\Project\\wap\\server\\src\\middlewares\\logger.middleware.ts:34:5)\n'[39m +
    [32m'    at C:\\Users\\notrealqt\\Desktop\\Project\\wap\\server\\node_modules\\@nestjs\\core\\router\\router-proxy.js:9:23\n'[39m +
    [32m'    at Layer.handleRequest (C:\\Users\\notrealqt\\Desktop\\Project\\wap\\server\\node_modules\\router\\lib\\layer.js:145:17)'[39m,
  path: [32m'/favicon.ico'[39m,
  method: [32m'GET'[39m,
  statusCode: [33m404[39m
} [33m+75ms[39m
[31m[CAR-RENTAL][39m [31m38968[39m 12/03/25 12:09:36 [31m  ERROR[39m [33m[HTTP][39m [31mGET /favicon.ico 404 - 4.634ms - 1385[39m - { ip: [32m'::1'[39m } [33m+4ms[39m
