[32m[CAR-RENTAL][39m [32m27752[39m 11/03/25 18:57:27 [32m    LOG[39m [33m[NestFactory][39m [32mStarting Nest application...[39m [33m+0ms[39m
[32m[CAR-RENTAL][39m [32m27752[39m 11/03/25 18:57:27 [32m    LOG[39m [33m[InstanceLoader][39m [32mRedisModule dependencies initialized[39m [33m+1ms[39m
[32m[CAR-RENTAL][39m [32m27752[39m 11/03/25 18:57:27 [32m    LOG[39m [33m[InstanceLoader][39m [32mBullBoardModule dependencies initialized[39m [33m+1ms[39m
[32m[CAR-RENTAL][39m [32m27752[39m 11/03/25 18:57:27 [32m    LOG[39m [33m[InstanceLoader][39m [32mPassportModule dependencies initialized[39m [33m+0ms[39m
[32m[CAR-RENTAL][39m [32m27752[39m 11/03/25 18:57:27 [32m    LOG[39m [33m[InstanceLoader][39m [32mMulterModule dependencies initialized[39m [33m+1ms[39m
[32m[CAR-RENTAL][39m [32m27752[39m 11/03/25 18:57:27 [32m    LOG[39m [33m[InstanceLoader][39m [32mJwtModule dependencies initialized[39m [33m+0ms[39m
[32m[CAR-RENTAL][39m [32m27752[39m 11/03/25 18:57:27 [32m    LOG[39m [33m[InstanceLoader][39m [32mHttpModule dependencies initialized[39m [33m+1ms[39m
[32m[CAR-RENTAL][39m [32m27752[39m 11/03/25 18:57:27 [32m    LOG[39m [33m[InstanceLoader][39m [32mConfigHostModule dependencies initialized[39m [33m+0ms[39m
[32m[CAR-RENTAL][39m [32m27752[39m 11/03/25 18:57:27 [32m    LOG[39m [33m[InstanceLoader][39m [32mBullBoardFeatureModule dependencies initialized[39m [33m+0ms[39m
[32m[CAR-RENTAL][39m [32m27752[39m 11/03/25 18:57:27 [32m    LOG[39m [33m[InstanceLoader][39m [32mBullBoardFeatureModule dependencies initialized[39m [33m+1ms[39m
[32m[CAR-RENTAL][39m [32m27752[39m 11/03/25 18:57:27 [32m    LOG[39m [33m[InstanceLoader][39m [32mDiscoveryModule dependencies initialized[39m [33m+0ms[39m
[32m[CAR-RENTAL][39m [32m27752[39m 11/03/25 18:57:27 [32m    LOG[39m [33m[InstanceLoader][39m [32mBullBoardRootModule dependencies initialized[39m [33m+1ms[39m
[32m[CAR-RENTAL][39m [32m27752[39m 11/03/25 18:57:27 [32m    LOG[39m [33m[InstanceLoader][39m [32mConfigModule dependencies initialized[39m [33m+0ms[39m
[32m[CAR-RENTAL][39m [32m27752[39m 11/03/25 18:57:27 [32m    LOG[39m [33m[InstanceLoader][39m [32mConfigModule dependencies initialized[39m [33m+0ms[39m
[32m[CAR-RENTAL][39m [32m27752[39m 11/03/25 18:57:27 [32m    LOG[39m [33m[InstanceLoader][39m [32mBullModule dependencies initialized[39m [33m+0ms[39m
[32m[CAR-RENTAL][39m [32m27752[39m 11/03/25 18:57:27 [32m    LOG[39m [33m[InstanceLoader][39m [32mBullModule dependencies initialized[39m [33m+0ms[39m
[32m[CAR-RENTAL][39m [32m27752[39m 11/03/25 18:57:27 [32m    LOG[39m [33m[InstanceLoader][39m [32mEmailModule dependencies initialized[39m [33m+0ms[39m
[32m[CAR-RENTAL][39m [32m27752[39m 11/03/25 18:57:27 [32m    LOG[39m [33m[InstanceLoader][39m [32mDatabaseModule dependencies initialized[39m [33m+0ms[39m
[32m[CAR-RENTAL][39m [32m27752[39m 11/03/25 18:57:27 [32m    LOG[39m [33m[InstanceLoader][39m [32mRedisCoreModule dependencies initialized[39m [33m+1ms[39m
[32m[CAR-RENTAL][39m [32m27752[39m 11/03/25 18:57:27 [32m    LOG[39m [33m[InstanceLoader][39m [32mJwtModule dependencies initialized[39m [33m+0ms[39m
[32m[CAR-RENTAL][39m [32m27752[39m 11/03/25 18:57:27 [32m    LOG[39m [33m[InstanceLoader][39m [32mAppModule dependencies initialized[39m [33m+1ms[39m
[32m[CAR-RENTAL][39m [32m27752[39m 11/03/25 18:57:27 [32m    LOG[39m [33m[InstanceLoader][39m [32mCacheModule dependencies initialized[39m [33m+0ms[39m
[32m[CAR-RENTAL][39m [32m27752[39m 11/03/25 18:57:27 [32m    LOG[39m [33m[InstanceLoader][39m [32mTokenModule dependencies initialized[39m [33m+1ms[39m
[32m[CAR-RENTAL][39m [32m27752[39m 11/03/25 18:57:27 [32m    LOG[39m [33m[InstanceLoader][39m [32mTransactionModule dependencies initialized[39m [33m+0ms[39m
[32m[CAR-RENTAL][39m [32m27752[39m 11/03/25 18:57:27 [32m    LOG[39m [33m[InstanceLoader][39m [32mBullModule dependencies initialized[39m [33m+1ms[39m
[32m[CAR-RENTAL][39m [32m27752[39m 11/03/25 18:57:27 [32m    LOG[39m [33m[InstanceLoader][39m [32mBullModule dependencies initialized[39m [33m+0ms[39m
[32m[CAR-RENTAL][39m [32m27752[39m 11/03/25 18:57:27 [32m    LOG[39m [33m[InstanceLoader][39m [32mImageModule dependencies initialized[39m [33m+1ms[39m
[32m[CAR-RENTAL][39m [32m27752[39m 11/03/25 18:57:27 [32m    LOG[39m [33m[InstanceLoader][39m [32mUserModule dependencies initialized[39m [33m+0ms[39m
[32m[CAR-RENTAL][39m [32m27752[39m 11/03/25 18:57:27 [32m    LOG[39m [33m[InstanceLoader][39m [32mCarModule dependencies initialized[39m [33m+0ms[39m
[32m[CAR-RENTAL][39m [32m27752[39m 11/03/25 18:57:27 [32m    LOG[39m [33m[InstanceLoader][39m [32mCategoryModule dependencies initialized[39m [33m+0ms[39m
[32m[CAR-RENTAL][39m [32m27752[39m 11/03/25 18:57:27 [32m    LOG[39m [33m[InstanceLoader][39m [32mPaymentModule dependencies initialized[39m [33m+0ms[39m
[32m[CAR-RENTAL][39m [32m27752[39m 11/03/25 18:57:27 [32m    LOG[39m [33m[InstanceLoader][39m [32mAuthModule dependencies initialized[39m [33m+0ms[39m
[32m[CAR-RENTAL][39m [32m27752[39m 11/03/25 18:57:27 [32m    LOG[39m [33m[InstanceLoader][39m [32mReviewModule dependencies initialized[39m [33m+1ms[39m
[32m[CAR-RENTAL][39m [32m27752[39m 11/03/25 18:57:27 [32m    LOG[39m [33m[InstanceLoader][39m [32mBookingModule dependencies initialized[39m [33m+0ms[39m
[32m[CAR-RENTAL][39m [32m27752[39m 11/03/25 18:57:27 [32m    LOG[39m [33m[RoutesResolver][39m [32mAppController {/}:[39m [33m+0ms[39m
[32m[CAR-RENTAL][39m [32m27752[39m 11/03/25 18:57:27 [32m    LOG[39m [33m[RouterExplorer][39m [32mMapped {/, GET} route[39m [33m+1ms[39m
[32m[CAR-RENTAL][39m [32m27752[39m 11/03/25 18:57:27 [32m    LOG[39m [33m[RoutesResolver][39m [32mAuthController {/auth}:[39m [33m+0ms[39m
[32m[CAR-RENTAL][39m [32m27752[39m 11/03/25 18:57:27 [32m    LOG[39m [33m[RouterExplorer][39m [32mMapped {/auth/signup, POST} route[39m [33m+0ms[39m
[32m[CAR-RENTAL][39m [32m27752[39m 11/03/25 18:57:27 [32m    LOG[39m [33m[RouterExplorer][39m [32mMapped {/auth/login, POST} route[39m [33m+0ms[39m
[32m[CAR-RENTAL][39m [32m27752[39m 11/03/25 18:57:27 [32m    LOG[39m [33m[RouterExplorer][39m [32mMapped {/auth/me, POST} route[39m [33m+1ms[39m
[32m[CAR-RENTAL][39m [32m27752[39m 11/03/25 18:57:27 [32m    LOG[39m [33m[RouterExplorer][39m [32mMapped {/auth/refresh-token, POST} route[39m [33m+0ms[39m
[32m[CAR-RENTAL][39m [32m27752[39m 11/03/25 18:57:27 [32m    LOG[39m [33m[RouterExplorer][39m [32mMapped {/auth/reset-password, POST} route[39m [33m+1ms[39m
[32m[CAR-RENTAL][39m [32m27752[39m 11/03/25 18:57:27 [32m    LOG[39m [33m[RouterExplorer][39m [32mMapped {/auth/verify-account, POST} route[39m [33m+1ms[39m
[32m[CAR-RENTAL][39m [32m27752[39m 11/03/25 18:57:27 [32m    LOG[39m [33m[RouterExplorer][39m [32mMapped {/auth/email/forgot-password, POST} route[39m [33m+0ms[39m
[32m[CAR-RENTAL][39m [32m27752[39m 11/03/25 18:57:27 [32m    LOG[39m [33m[RouterExplorer][39m [32mMapped {/auth/email/verify-account, POST} route[39m [33m+1ms[39m
[32m[CAR-RENTAL][39m [32m27752[39m 11/03/25 18:57:27 [32m    LOG[39m [33m[RoutesResolver][39m [32mUserController {/user}:[39m [33m+0ms[39m
[32m[CAR-RENTAL][39m [32m27752[39m 11/03/25 18:57:27 [32m    LOG[39m [33m[RouterExplorer][39m [32mMapped {/user/:id, GET} route[39m [33m+1ms[39m
[32m[CAR-RENTAL][39m [32m27752[39m 11/03/25 18:57:27 [32m    LOG[39m [33m[RouterExplorer][39m [32mMapped {/user/:id, PATCH} route[39m [33m+0ms[39m
[32m[CAR-RENTAL][39m [32m27752[39m 11/03/25 18:57:27 [32m    LOG[39m [33m[RouterExplorer][39m [32mMapped {/user/:id, DELETE} route[39m [33m+0ms[39m
[32m[CAR-RENTAL][39m [32m27752[39m 11/03/25 18:57:27 [32m    LOG[39m [33m[RoutesResolver][39m [32mImageController {/image}:[39m [33m+0ms[39m
[32m[CAR-RENTAL][39m [32m27752[39m 11/03/25 18:57:27 [32m    LOG[39m [33m[RouterExplorer][39m [32mMapped {/image/upload, POST} route[39m [33m+1ms[39m
[32m[CAR-RENTAL][39m [32m27752[39m 11/03/25 18:57:27 [32m    LOG[39m [33m[RoutesResolver][39m [32mCarController {/car}:[39m [33m+0ms[39m
[32m[CAR-RENTAL][39m [32m27752[39m 11/03/25 18:57:27 [32m    LOG[39m [33m[RouterExplorer][39m [32mMapped {/car, POST} route[39m [33m+1ms[39m
[32m[CAR-RENTAL][39m [32m27752[39m 11/03/25 18:57:27 [32m    LOG[39m [33m[RouterExplorer][39m [32mMapped {/car, GET} route[39m [33m+0ms[39m
[32m[CAR-RENTAL][39m [32m27752[39m 11/03/25 18:57:27 [32m    LOG[39m [33m[RouterExplorer][39m [32mMapped {/car/:id, GET} route[39m [33m+1ms[39m
[32m[CAR-RENTAL][39m [32m27752[39m 11/03/25 18:57:27 [32m    LOG[39m [33m[RouterExplorer][39m [32mMapped {/car/:id, PATCH} route[39m [33m+0ms[39m
[32m[CAR-RENTAL][39m [32m27752[39m 11/03/25 18:57:27 [32m    LOG[39m [33m[RouterExplorer][39m [32mMapped {/car/:id, DELETE} route[39m [33m+0ms[39m
[32m[CAR-RENTAL][39m [32m27752[39m 11/03/25 18:57:27 [32m    LOG[39m [33m[RoutesResolver][39m [32mCategoryController {/category}:[39m [33m+1ms[39m
[32m[CAR-RENTAL][39m [32m27752[39m 11/03/25 18:57:27 [32m    LOG[39m [33m[RouterExplorer][39m [32mMapped {/category, POST} route[39m [33m+0ms[39m
[32m[CAR-RENTAL][39m [32m27752[39m 11/03/25 18:57:27 [32m    LOG[39m [33m[RouterExplorer][39m [32mMapped {/category, GET} route[39m [33m+0ms[39m
[32m[CAR-RENTAL][39m [32m27752[39m 11/03/25 18:57:27 [32m    LOG[39m [33m[RouterExplorer][39m [32mMapped {/category/:id, GET} route[39m [33m+0ms[39m
[32m[CAR-RENTAL][39m [32m27752[39m 11/03/25 18:57:27 [32m    LOG[39m [33m[RouterExplorer][39m [32mMapped {/category/:id, DELETE} route[39m [33m+0ms[39m
[32m[CAR-RENTAL][39m [32m27752[39m 11/03/25 18:57:27 [32m    LOG[39m [33m[RoutesResolver][39m [32mBookingController {/booking}:[39m [33m+1ms[39m
[32m[CAR-RENTAL][39m [32m27752[39m 11/03/25 18:57:27 [32m    LOG[39m [33m[RouterExplorer][39m [32mMapped {/booking, POST} route[39m [33m+0ms[39m
[32m[CAR-RENTAL][39m [32m27752[39m 11/03/25 18:57:27 [32m    LOG[39m [33m[RouterExplorer][39m [32mMapped {/booking, GET} route[39m [33m+0ms[39m
[32m[CAR-RENTAL][39m [32m27752[39m 11/03/25 18:57:27 [32m    LOG[39m [33m[RouterExplorer][39m [32mMapped {/booking/:id, GET} route[39m [33m+1ms[39m
[32m[CAR-RENTAL][39m [32m27752[39m 11/03/25 18:57:27 [32m    LOG[39m [33m[RouterExplorer][39m [32mMapped {/booking/:id, PATCH} route[39m [33m+0ms[39m
[32m[CAR-RENTAL][39m [32m27752[39m 11/03/25 18:57:27 [32m    LOG[39m [33m[RoutesResolver][39m [32mPaymentController {/payment}:[39m [33m+0ms[39m
[32m[CAR-RENTAL][39m [32m27752[39m 11/03/25 18:57:27 [32m    LOG[39m [33m[RouterExplorer][39m [32mMapped {/payment/test/procress, POST} route[39m [33m+1ms[39m
[32m[CAR-RENTAL][39m [32m27752[39m 11/03/25 18:57:27 [32m    LOG[39m [33m[RouterExplorer][39m [32mMapped {/payment/zalopay/callback, POST} route[39m [33m+1ms[39m
[32m[CAR-RENTAL][39m [32m27752[39m 11/03/25 18:57:27 [32m    LOG[39m [33m[RoutesResolver][39m [32mTransactionController {/transaction}:[39m [33m+0ms[39m
[32m[CAR-RENTAL][39m [32m27752[39m 11/03/25 18:57:27 [32m    LOG[39m [33m[RoutesResolver][39m [32mReviewController {/review}:[39m [33m+1ms[39m
[32m[CAR-RENTAL][39m [32m27752[39m 11/03/25 18:57:27 [32m    LOG[39m [33m[RouterExplorer][39m [32mMapped {/review, POST} route[39m [33m+0ms[39m
[32m[CAR-RENTAL][39m [32m27752[39m 11/03/25 18:57:27 [32m    LOG[39m [33m[RouterExplorer][39m [32mMapped {/review, GET} route[39m [33m+1ms[39m
[32m[CAR-RENTAL][39m [32m27752[39m 11/03/25 18:57:27 [32m    LOG[39m [33m[RouterExplorer][39m [32mMapped {/review/:id, GET} route[39m [33m+0ms[39m
[32m[CAR-RENTAL][39m [32m27752[39m 11/03/25 18:57:27 [32m    LOG[39m [33m[RouterExplorer][39m [32mMapped {/review/:id, DELETE} route[39m [33m+0ms[39m
[32m[CAR-RENTAL][39m [32m27752[39m 11/03/25 18:57:27 [32m    LOG[39m [33m[DatabaseService][39m [32mConnected to database successfully[39m [33m+1ms[39m
[32m[CAR-RENTAL][39m [32m27752[39m 11/03/25 18:57:27 [32m    LOG[39m [33m[DatabaseService][39m [32mAdmin account is found[39m [33m+0ms[39m
[32m[CAR-RENTAL][39m [32m27752[39m 11/03/25 18:57:27 [32m    LOG[39m [33m[NestApplication][39m [32mNest application successfully started[39m [33m+1ms[39m
[32m[CAR-RENTAL][39m [32m27752[39m 11/03/25 18:57:27 [32m    LOG[39m [33m[bootstrap][39m [32mServer running on http://localhost:3000[39m [33m+1ms[39m
[32m[CAR-RENTAL][39m [32m27752[39m 11/03/25 18:57:27 [32m    LOG[39m [33m[bootstrap][39m [32mAPI Docs http://localhost:3000/api-docs[39m [33m+0ms[39m
[31m[CAR-RENTAL][39m [31m27752[39m 11/03/25 19:32:32 [31m  ERROR[39m  [31mUser not authenticated[39m - {
  stack: [32m'UnauthorizedException: User not authenticated\n'[39m +
    [32m'    at JwtAccessGuard.canActivate (C:\\Users\\notrealqt\\Desktop\\Project\\wap\\server\\src\\modules\\auth\\guards\\jwt\\jwtAccess.guard.ts:25:13)\n'[39m +
    [32m'    at process.processTicksAndRejections (node:internal/process/task_queues:105:5)\n'[39m +
    [32m'    at async GuardsConsumer.tryActivate (C:\\Users\\notrealqt\\Desktop\\Project\\wap\\server\\node_modules\\@nestjs\\core\\guards\\guards-consumer.js:16:17)\n'[39m +
    [32m'    at async canActivateFn (C:\\Users\\notrealqt\\Desktop\\Project\\wap\\server\\node_modules\\@nestjs\\core\\router\\router-execution-context.js:135:33)\n'[39m +
    [32m'    at async C:\\Users\\notrealqt\\Desktop\\Project\\wap\\server\\node_modules\\@nestjs\\core\\router\\router-execution-context.js:42:31\n'[39m +
    [32m'    at async C:\\Users\\notrealqt\\Desktop\\Project\\wap\\server\\node_modules\\@nestjs\\core\\router\\router-proxy.js:9:17'[39m,
  path: [32m'/review'[39m,
  method: [32m'POST'[39m,
  statusCode: [33m401[39m
} [33m+35m[39m
[31m[CAR-RENTAL][39m [31m27752[39m 11/03/25 19:32:32 [31m  ERROR[39m [33m[HTTP][39m [31mPOST /review 401 - 10.028ms - 1015[39m - { ip: [32m'::1'[39m } [33m+6ms[39m
[31m[CAR-RENTAL][39m [31m27752[39m 11/03/25 19:32:34 [31m  ERROR[39m  [31mUser not authenticated[39m - {
  stack: [32m'UnauthorizedException: User not authenticated\n'[39m +
    [32m'    at JwtAccessGuard.canActivate (C:\\Users\\notrealqt\\Desktop\\Project\\wap\\server\\src\\modules\\auth\\guards\\jwt\\jwtAccess.guard.ts:25:13)\n'[39m +
    [32m'    at process.processTicksAndRejections (node:internal/process/task_queues:105:5)\n'[39m +
    [32m'    at async GuardsConsumer.tryActivate (C:\\Users\\notrealqt\\Desktop\\Project\\wap\\server\\node_modules\\@nestjs\\core\\guards\\guards-consumer.js:16:17)\n'[39m +
    [32m'    at async canActivateFn (C:\\Users\\notrealqt\\Desktop\\Project\\wap\\server\\node_modules\\@nestjs\\core\\router\\router-execution-context.js:135:33)\n'[39m +
    [32m'    at async C:\\Users\\notrealqt\\Desktop\\Project\\wap\\server\\node_modules\\@nestjs\\core\\router\\router-execution-context.js:42:31\n'[39m +
    [32m'    at async C:\\Users\\notrealqt\\Desktop\\Project\\wap\\server\\node_modules\\@nestjs\\core\\router\\router-proxy.js:9:17'[39m,
  path: [32m'/review'[39m,
  method: [32m'POST'[39m,
  statusCode: [33m401[39m
} [33m+2s[39m
[31m[CAR-RENTAL][39m [31m27752[39m 11/03/25 19:32:34 [31m  ERROR[39m [33m[HTTP][39m [31mPOST /review 401 - 4.907ms - 1015[39m - { ip: [32m'::1'[39m } [33m+4ms[39m
